21:15:57 INFO  : Registering command handlers for Vitis TCF services
21:15:57 INFO  : Launching XSCT server: xsct.bat -n  -interactive D:\Xilinx\finalproject_3\workspace\temp_xsdb_launch_script.tcl
21:15:59 INFO  : Platform repository initialization has completed.
21:15:59 INFO  : XSCT server has started successfully.
21:15:59 INFO  : Successfully done setting XSCT server connection channel  
21:15:59 INFO  : plnx-install-location is set to ''
21:15:59 INFO  : Successfully done setting workspace for the tool. 
21:15:59 INFO  : Successfully done query RDI_DATADIR 
21:16:34 INFO  : Result from executing command 'getProjects': design_2_wrapper
21:16:34 INFO  : Result from executing command 'getPlatforms': 
21:16:34 INFO  : Platform 'design_2_wrapper' is added to custom repositories.
21:16:40 INFO  : Platform 'design_2_wrapper' is added to custom repositories.
21:18:55 INFO  : Result from executing command 'getProjects': design_2_wrapper
21:18:55 INFO  : Result from executing command 'getPlatforms': design_2_wrapper|D:/Xilinx/finalproject_3/workspace/design_2_wrapper/export/design_2_wrapper/design_2_wrapper.xpfm
21:18:55 INFO  : Checking for BSP changes to sync application flags for project 'finalproject'...
21:19:24 INFO  : Connected to target on host '127.0.0.1' and port '3121'.
21:19:24 INFO  : Jtag cable 'Xilinx TUL 1234-tulA' is selected.
21:19:24 INFO  : 'jtag frequency' command is executed.
21:19:24 INFO  : Context for 'APU' is selected.
21:19:24 INFO  : System reset is completed.
21:19:27 INFO  : 'after 3000' command is executed.
21:19:27 INFO  : 'targets -set -filter {jtag_cable_name =~ "Xilinx TUL 1234-tulA" && level==0 && jtag_device_ctx=="jsn-TUL-1234-tulA-23727093-0"}' command is executed.
21:19:29 INFO  : FPGA configured successfully with bitstream "D:/Xilinx/finalproject_3/workspace/finalproject/_ide/bitstream/design_2_wrapper.bit"
21:19:30 INFO  : Context for 'APU' is selected.
21:19:30 INFO  : Hardware design and registers information is loaded from 'D:/Xilinx/finalproject_3/workspace/design_2_wrapper/export/design_2_wrapper/hw/design_2_wrapper.xsa'.
21:19:30 INFO  : 'configparams force-mem-access 1' command is executed.
21:19:30 INFO  : Context for 'APU' is selected.
21:19:30 INFO  : Sourcing of 'D:/Xilinx/finalproject_3/workspace/finalproject/_ide/psinit/ps7_init.tcl' is done.
21:19:30 INFO  : 'ps7_init' command is executed.
21:19:30 INFO  : 'ps7_post_config' command is executed.
21:19:30 INFO  : Context for processor 'ps7_cortexa9_0' is selected.
21:19:30 INFO  : The application 'D:/Xilinx/finalproject_3/workspace/finalproject/Debug/finalproject.elf' is downloaded to processor 'ps7_cortexa9_0'.
21:19:30 INFO  : 'configparams force-mem-access 0' command is executed.
21:19:30 INFO  : ----------------XSDB Script----------------
connect -url tcp:127.0.0.1:3121
targets -set -nocase -filter {name =~"APU*"}
rst -system
after 3000
targets -set -filter {jtag_cable_name =~ "Xilinx TUL 1234-tulA" && level==0 && jtag_device_ctx=="jsn-TUL-1234-tulA-23727093-0"}
fpga -file D:/Xilinx/finalproject_3/workspace/finalproject/_ide/bitstream/design_2_wrapper.bit
targets -set -nocase -filter {name =~"APU*"}
loadhw -hw D:/Xilinx/finalproject_3/workspace/design_2_wrapper/export/design_2_wrapper/hw/design_2_wrapper.xsa -mem-ranges [list {0x40000000 0xbfffffff}] -regs
configparams force-mem-access 1
targets -set -nocase -filter {name =~"APU*"}
source D:/Xilinx/finalproject_3/workspace/finalproject/_ide/psinit/ps7_init.tcl
ps7_init
ps7_post_config
targets -set -nocase -filter {name =~ "*A9*#0"}
dow D:/Xilinx/finalproject_3/workspace/finalproject/Debug/finalproject.elf
configparams force-mem-access 0
----------------End of Script----------------

21:19:30 INFO  : Context for processor 'ps7_cortexa9_0' is selected.
21:19:30 INFO  : 'con' command is executed.
21:19:30 INFO  : ----------------XSDB Script (After Launch)----------------
targets -set -nocase -filter {name =~ "*A9*#0"}
con
----------------End of Script----------------

21:19:30 INFO  : Disconnected from the channel tcfchan#2.
21:21:37 INFO  : Checking for BSP changes to sync application flags for project 'finalproject'...
21:21:53 INFO  : Connected to target on host '127.0.0.1' and port '3121'.
21:21:53 INFO  : Jtag cable 'Xilinx TUL 1234-tulA' is selected.
21:21:53 INFO  : 'jtag frequency' command is executed.
21:21:53 INFO  : Context for 'APU' is selected.
21:21:54 INFO  : System reset is completed.
21:21:57 INFO  : 'after 3000' command is executed.
21:21:57 INFO  : 'targets -set -filter {jtag_cable_name =~ "Xilinx TUL 1234-tulA" && level==0 && jtag_device_ctx=="jsn-TUL-1234-tulA-23727093-0"}' command is executed.
21:21:59 INFO  : FPGA configured successfully with bitstream "D:/Xilinx/finalproject_3/workspace/finalproject/_ide/bitstream/design_2_wrapper.bit"
21:21:59 INFO  : Context for 'APU' is selected.
21:21:59 INFO  : Hardware design and registers information is loaded from 'D:/Xilinx/finalproject_3/workspace/design_2_wrapper/export/design_2_wrapper/hw/design_2_wrapper.xsa'.
21:21:59 INFO  : 'configparams force-mem-access 1' command is executed.
21:21:59 INFO  : Context for 'APU' is selected.
21:21:59 INFO  : Sourcing of 'D:/Xilinx/finalproject_3/workspace/finalproject/_ide/psinit/ps7_init.tcl' is done.
21:21:59 INFO  : 'ps7_init' command is executed.
21:21:59 INFO  : 'ps7_post_config' command is executed.
21:21:59 INFO  : Context for processor 'ps7_cortexa9_0' is selected.
21:21:59 INFO  : The application 'D:/Xilinx/finalproject_3/workspace/finalproject/Debug/finalproject.elf' is downloaded to processor 'ps7_cortexa9_0'.
21:21:59 INFO  : 'configparams force-mem-access 0' command is executed.
21:21:59 INFO  : ----------------XSDB Script----------------
connect -url tcp:127.0.0.1:3121
targets -set -nocase -filter {name =~"APU*"}
rst -system
after 3000
targets -set -filter {jtag_cable_name =~ "Xilinx TUL 1234-tulA" && level==0 && jtag_device_ctx=="jsn-TUL-1234-tulA-23727093-0"}
fpga -file D:/Xilinx/finalproject_3/workspace/finalproject/_ide/bitstream/design_2_wrapper.bit
targets -set -nocase -filter {name =~"APU*"}
loadhw -hw D:/Xilinx/finalproject_3/workspace/design_2_wrapper/export/design_2_wrapper/hw/design_2_wrapper.xsa -mem-ranges [list {0x40000000 0xbfffffff}] -regs
configparams force-mem-access 1
targets -set -nocase -filter {name =~"APU*"}
source D:/Xilinx/finalproject_3/workspace/finalproject/_ide/psinit/ps7_init.tcl
ps7_init
ps7_post_config
targets -set -nocase -filter {name =~ "*A9*#0"}
dow D:/Xilinx/finalproject_3/workspace/finalproject/Debug/finalproject.elf
configparams force-mem-access 0
----------------End of Script----------------

21:21:59 INFO  : Context for processor 'ps7_cortexa9_0' is selected.
21:21:59 INFO  : 'con' command is executed.
21:21:59 INFO  : ----------------XSDB Script (After Launch)----------------
targets -set -nocase -filter {name =~ "*A9*#0"}
con
----------------End of Script----------------

21:21:59 INFO  : Disconnected from the channel tcfchan#3.
