
*** Running vivado
    with args -log HDMI_TOP.vdi -applog -m64 -product Vivado -messageDb vivado.pb -mode batch -source HDMI_TOP.tcl -notrace



****** Vivado v2020.1 (64-bit)
  **** SW Build 2902540 on Wed May 27 19:54:49 MDT 2020
  **** IP Build 2902112 on Wed May 27 22:43:36 MDT 2020
    ** Copyright 1986-2020 Xilinx, Inc. All Rights Reserved.

source HDMI_TOP.tcl -notrace
Command: link_design -top HDMI_TOP -part xc7z020clg400-1
Design is defaulting to srcset: sources_1
Design is defaulting to constrset: constrs_1
INFO: [Device 21-403] Loading part xc7z020clg400-1
Netlist sorting complete. Time (s): cpu = 00:00:00 ; elapsed = 00:00:00.010 . Memory (MB): peak = 1063.969 ; gain = 0.000
INFO: [Netlist 29-17] Analyzing 108 Unisim elements for replacement
INFO: [Netlist 29-28] Unisim Transformation completed in 0 CPU seconds
INFO: [Project 1-479] Netlist was created with Vivado 2020.1
INFO: [Project 1-570] Preparing netlist for logic optimization
Parsing XDC File [C:/Users/soongyu/Downloads/13주차 실험 파일/xdc.xdc]
Finished Parsing XDC File [C:/Users/soongyu/Downloads/13주차 실험 파일/xdc.xdc]
[libprotobuf ERROR C:\w10\HEAD\src\ext\protobuf\build\lnx64\protobuf-3.7.1\src\google\protobuf\wire_format_lite.cc:611] String field 'HDMetricDBGroup.MetricMapEntry.value' contains invalid UTF-8 data when parsing a protocol buffer. Use the 'bytes' type if you intend to send raw bytes. 
INFO: [Opt 31-138] Pushed 0 inverter(s) to 0 load pin(s).
Netlist sorting complete. Time (s): cpu = 00:00:00 ; elapsed = 00:00:00 . Memory (MB): peak = 1063.969 ; gain = 0.000
INFO: [Project 1-111] Unisim Transformation Summary:
No Unisim elements were transformed.

7 Infos, 0 Warnings, 0 Critical Warnings and 0 Errors encountered.
link_design completed successfully
link_design: Time (s): cpu = 00:00:05 ; elapsed = 00:00:05 . Memory (MB): peak = 1063.969 ; gain = 0.000
Command: opt_design
Attempting to get a license for feature 'Implementation' and/or device 'xc7z020'
INFO: [Common 17-349] Got license for feature 'Implementation' and/or device 'xc7z020'
Running DRC as a precondition to command opt_design

Starting DRC Task
INFO: [DRC 23-27] Running DRC with 2 threads
WARNING: [DRC RPBF-3] IO port buffering is incomplete: Device port hdmi_tx_rscl expects both input and output buffering but the buffers are incomplete.
INFO: [Project 1-461] DRC finished with 0 Errors, 1 Warnings
INFO: [Project 1-462] Please refer to the DRC report (report_drc) for more information.

Time (s): cpu = 00:00:01 ; elapsed = 00:00:00.607 . Memory (MB): peak = 1063.969 ; gain = 0.000

Starting Cache Timing Information Task
INFO: [Timing 38-35] Done setting XDC timing constraints.
INFO: [Timing 38-2] Deriving generated clocks
Ending Cache Timing Information Task | Checksum: 137ed4552

Time (s): cpu = 00:00:05 ; elapsed = 00:00:05 . Memory (MB): peak = 1420.043 ; gain = 356.074

Starting Logic Optimization Task

Phase 1 Retarget
INFO: [Opt 31-138] Pushed 0 inverter(s) to 0 load pin(s).
INFO: [Opt 31-49] Retargeted 0 cell(s).
Phase 1 Retarget | Checksum: 137ed4552

Time (s): cpu = 00:00:00 ; elapsed = 00:00:00.029 . Memory (MB): peak = 1623.758 ; gain = 0.000
INFO: [Opt 31-389] Phase Retarget created 0 cells and removed 0 cells
INFO: [Opt 31-1021] In phase Retarget, 1 netlist objects are constrained preventing optimization. Please run opt_design with -debug_log to get more detail. 

Phase 2 Constant propagation
INFO: [Opt 31-138] Pushed 0 inverter(s) to 0 load pin(s).
Phase 2 Constant propagation | Checksum: 137ed4552

Time (s): cpu = 00:00:00 ; elapsed = 00:00:00.034 . Memory (MB): peak = 1623.758 ; gain = 0.000
INFO: [Opt 31-389] Phase Constant propagation created 0 cells and removed 0 cells

Phase 3 Sweep
Phase 3 Sweep | Checksum: edaa2875

Time (s): cpu = 00:00:00 ; elapsed = 00:00:00.048 . Memory (MB): peak = 1623.758 ; gain = 0.000
INFO: [Opt 31-389] Phase Sweep created 1 cells and removed 2 cells

Phase 4 BUFG optimization
Phase 4 BUFG optimization | Checksum: edaa2875

Time (s): cpu = 00:00:00 ; elapsed = 00:00:00.060 . Memory (MB): peak = 1623.758 ; gain = 0.000
INFO: [Opt 31-662] Phase BUFG optimization created 0 cells of which 0 are BUFGs and removed 0 cells.

Phase 5 Shift Register Optimization
INFO: [Opt 31-1064] SRL Remap converted 0 SRLs to 0 registers and converted 0 registers of register chains to 0 SRLs
Phase 5 Shift Register Optimization | Checksum: edaa2875

Time (s): cpu = 00:00:00 ; elapsed = 00:00:00.067 . Memory (MB): peak = 1623.758 ; gain = 0.000
INFO: [Opt 31-389] Phase Shift Register Optimization created 0 cells and removed 0 cells

Phase 6 Post Processing Netlist
Phase 6 Post Processing Netlist | Checksum: 15529c448

Time (s): cpu = 00:00:00 ; elapsed = 00:00:00.069 . Memory (MB): peak = 1623.758 ; gain = 0.000
INFO: [Opt 31-389] Phase Post Processing Netlist created 0 cells and removed 0 cells
Opt_design Change Summary
=========================


-------------------------------------------------------------------------------------------------------------------------
|  Phase                        |  #Cells created  |  #Cells Removed  |  #Constrained objects preventing optimizations  |
-------------------------------------------------------------------------------------------------------------------------
|  Retarget                     |               0  |               0  |                                              1  |
|  Constant propagation         |               0  |               0  |                                              0  |
|  Sweep                        |               1  |               2  |                                              0  |
|  BUFG optimization            |               0  |               0  |                                              0  |
|  Shift Register Optimization  |               0  |               0  |                                              0  |
|  Post Processing Netlist      |               0  |               0  |                                              0  |
-------------------------------------------------------------------------------------------------------------------------



Starting Connectivity Check Task

Time (s): cpu = 00:00:00 ; elapsed = 00:00:00.001 . Memory (MB): peak = 1623.758 ; gain = 0.000
Ending Logic Optimization Task | Checksum: f874aa9f

Time (s): cpu = 00:00:00 ; elapsed = 00:00:00.096 . Memory (MB): peak = 1623.758 ; gain = 0.000

Starting Power Optimization Task
INFO: [Pwropt 34-132] Skipping clock gating for clocks with a period < 2.00 ns.
Ending Power Optimization Task | Checksum: f874aa9f

Time (s): cpu = 00:00:00 ; elapsed = 00:00:00.005 . Memory (MB): peak = 1623.758 ; gain = 0.000

Starting Final Cleanup Task
Ending Final Cleanup Task | Checksum: f874aa9f

Time (s): cpu = 00:00:00 ; elapsed = 00:00:00 . Memory (MB): peak = 1623.758 ; gain = 0.000

Starting Netlist Obfuscation Task
Netlist sorting complete. Time (s): cpu = 00:00:00 ; elapsed = 00:00:00 . Memory (MB): peak = 1623.758 ; gain = 0.000
Ending Netlist Obfuscation Task | Checksum: f874aa9f

Time (s): cpu = 00:00:00 ; elapsed = 00:00:00 . Memory (MB): peak = 1623.758 ; gain = 0.000
INFO: [Common 17-83] Releasing license: Implementation
26 Infos, 1 Warnings, 0 Critical Warnings and 0 Errors encountered.
opt_design completed successfully
opt_design: Time (s): cpu = 00:00:07 ; elapsed = 00:00:07 . Memory (MB): peak = 1623.758 ; gain = 559.789
INFO: [Timing 38-480] Writing timing data to binary archive.
Writing placer database...
Writing XDEF routing.
Writing XDEF routing logical nets.
Writing XDEF routing special nets.
Write XDEF Complete: Time (s): cpu = 00:00:00 ; elapsed = 00:00:00.026 . Memory (MB): peak = 1623.758 ; gain = 0.000
[libprotobuf ERROR C:\w10\HEAD\src\ext\protobuf\build\lnx64\protobuf-3.7.1\src\google\protobuf\wire_format_lite.cc:611] String field 'HDMetricDBGroup.MetricMapEntry.value' contains invalid UTF-8 data when serializing a protocol buffer. Use the 'bytes' type if you intend to send raw bytes. 
INFO: [Common 17-1381] The checkpoint 'D:/Xilinx/week13/week13.runs/impl_1/HDMI_TOP_opt.dcp' has been generated.
INFO: [runtcl-4] Executing : report_drc -file HDMI_TOP_drc_opted.rpt -pb HDMI_TOP_drc_opted.pb -rpx HDMI_TOP_drc_opted.rpx
Command: report_drc -file HDMI_TOP_drc_opted.rpt -pb HDMI_TOP_drc_opted.pb -rpx HDMI_TOP_drc_opted.rpx
INFO: [IP_Flow 19-234] Refreshing IP repositories
INFO: [IP_Flow 19-1704] No user IP repositories specified
INFO: [IP_Flow 19-2313] Loaded Vivado IP repository 'D:/Xilinx/Vivado/2020.1/data/ip'.
INFO: [DRC 23-27] Running DRC with 2 threads
INFO: [Coretcl 2-168] The results of DRC are in file D:/Xilinx/week13/week13.runs/impl_1/HDMI_TOP_drc_opted.rpt.
report_drc completed successfully
Command: place_design
Attempting to get a license for feature 'Implementation' and/or device 'xc7z020'
INFO: [Common 17-349] Got license for feature 'Implementation' and/or device 'xc7z020'
INFO: [DRC 23-27] Running DRC with 2 threads
INFO: [Vivado_Tcl 4-198] DRC finished with 0 Errors
INFO: [Vivado_Tcl 4-199] Please refer to the DRC report (report_drc) for more information.
Running DRC as a precondition to command place_design
INFO: [DRC 23-27] Running DRC with 2 threads
WARNING: [DRC RPBF-3] IO port buffering is incomplete: Device port hdmi_tx_rscl expects both input and output buffering but the buffers are incomplete.
INFO: [Vivado_Tcl 4-198] DRC finished with 0 Errors, 1 Warnings
INFO: [Vivado_Tcl 4-199] Please refer to the DRC report (report_drc) for more information.

Starting Placer Task
INFO: [Place 30-611] Multithreading enabled for place_design using a maximum of 2 CPUs

Phase 1 Placer Initialization

Phase 1.1 Placer Initialization Netlist Sorting
Netlist sorting complete. Time (s): cpu = 00:00:00 ; elapsed = 00:00:00 . Memory (MB): peak = 1623.758 ; gain = 0.000
Phase 1.1 Placer Initialization Netlist Sorting | Checksum: d653fda3

Time (s): cpu = 00:00:00 ; elapsed = 00:00:00.004 . Memory (MB): peak = 1623.758 ; gain = 0.000
Netlist sorting complete. Time (s): cpu = 00:00:00 ; elapsed = 00:00:00 . Memory (MB): peak = 1623.758 ; gain = 0.000

Phase 1.2 IO Placement/ Clock Placement/ Build Placer Device
INFO: [Timing 38-35] Done setting XDC timing constraints.
Phase 1.2 IO Placement/ Clock Placement/ Build Placer Device | Checksum: 8bd544f0

Time (s): cpu = 00:00:00 ; elapsed = 00:00:00.247 . Memory (MB): peak = 1623.758 ; gain = 0.000

Phase 1.3 Build Placer Netlist Model
Phase 1.3 Build Placer Netlist Model | Checksum: 1711b95e8

Time (s): cpu = 00:00:01 ; elapsed = 00:00:00.355 . Memory (MB): peak = 1626.605 ; gain = 2.848

Phase 1.4 Constrain Clocks/Macros
Phase 1.4 Constrain Clocks/Macros | Checksum: 1711b95e8

Time (s): cpu = 00:00:01 ; elapsed = 00:00:00.357 . Memory (MB): peak = 1626.605 ; gain = 2.848
Phase 1 Placer Initialization | Checksum: 1711b95e8

Time (s): cpu = 00:00:01 ; elapsed = 00:00:00.359 . Memory (MB): peak = 1626.605 ; gain = 2.848

Phase 2 Global Placement

Phase 2.1 Floorplanning
Phase 2.1 Floorplanning | Checksum: ec048795

Time (s): cpu = 00:00:01 ; elapsed = 00:00:00.403 . Memory (MB): peak = 1626.605 ; gain = 2.848

Phase 2.2 Global Placement Core

Phase 2.2.1 Physical Synthesis In Placer
INFO: [Physopt 32-1035] Found 0 LUTNM shape to break, 6 LUT instances to create LUTNM shape
INFO: [Physopt 32-1044] Break lutnm for timing: one critical 0, two critical 0, total 0, new lutff created 0
INFO: [Physopt 32-775] End 1 Pass. Optimized 3 nets or cells. Created 0 new cell, deleted 3 existing cells and moved 0 existing cell
INFO: [Physopt 32-65] No nets found for high-fanout optimization.
INFO: [Physopt 32-232] Optimized 0 net. Created 0 new instance.
INFO: [Physopt 32-775] End 1 Pass. Optimized 0 net or cell. Created 0 new cell, deleted 0 existing cell and moved 0 existing cell
INFO: [Physopt 32-670] No setup violation found.  DSP Register Optimization was not performed.
INFO: [Physopt 32-670] No setup violation found.  Shift Register to Pipeline Optimization was not performed.
INFO: [Physopt 32-670] No setup violation found.  Shift Register Optimization was not performed.
INFO: [Physopt 32-670] No setup violation found.  BRAM Register Optimization was not performed.
INFO: [Physopt 32-670] No setup violation found.  URAM Register Optimization was not performed.
INFO: [Physopt 32-949] No candidate nets found for HD net replication
INFO: [Physopt 32-775] End 1 Pass. Optimized 0 net or cell. Created 0 new cell, deleted 0 existing cell and moved 0 existing cell
Netlist sorting complete. Time (s): cpu = 00:00:00 ; elapsed = 00:00:00.001 . Memory (MB): peak = 1626.605 ; gain = 0.000

Summary of Physical Synthesis Optimizations
============================================


-----------------------------------------------------------------------------------------------------------------------------------------------------------
|  Optimization                                     |  Added Cells  |  Removed Cells  |  Optimized Cells/Nets  |  Dont Touch  |  Iterations  |  Elapsed   |
-----------------------------------------------------------------------------------------------------------------------------------------------------------
|  LUT Combining                                    |            0  |              3  |                     3  |           0  |           1  |  00:00:00  |
|  Very High Fanout                                 |            0  |              0  |                     0  |           0  |           1  |  00:00:00  |
|  DSP Register                                     |            0  |              0  |                     0  |           0  |           0  |  00:00:00  |
|  Shift Register to Pipeline                       |            0  |              0  |                     0  |           0  |           0  |  00:00:00  |
|  Shift Register                                   |            0  |              0  |                     0  |           0  |           0  |  00:00:00  |
|  BRAM Register                                    |            0  |              0  |                     0  |           0  |           0  |  00:00:00  |
|  URAM Register                                    |            0  |              0  |                     0  |           0  |           0  |  00:00:00  |
|  Dynamic/Static Region Interface Net Replication  |            0  |              0  |                     0  |           0  |           1  |  00:00:00  |
|  Total                                            |            0  |              3  |                     3  |           0  |           3  |  00:00:00  |
-----------------------------------------------------------------------------------------------------------------------------------------------------------


Phase 2.2.1 Physical Synthesis In Placer | Checksum: 192b5c891

Time (s): cpu = 00:00:02 ; elapsed = 00:00:01 . Memory (MB): peak = 1626.605 ; gain = 2.848
Phase 2.2 Global Placement Core | Checksum: 15b10b8a4

Time (s): cpu = 00:00:02 ; elapsed = 00:00:01 . Memory (MB): peak = 1626.605 ; gain = 2.848
Phase 2 Global Placement | Checksum: 15b10b8a4

Time (s): cpu = 00:00:02 ; elapsed = 00:00:01 . Memory (MB): peak = 1626.605 ; gain = 2.848

Phase 3 Detail Placement

Phase 3.1 Commit Multi Column Macros
Phase 3.1 Commit Multi Column Macros | Checksum: 123d1444e

Time (s): cpu = 00:00:02 ; elapsed = 00:00:01 . Memory (MB): peak = 1626.605 ; gain = 2.848

Phase 3.2 Commit Most Macros & LUTRAMs
Phase 3.2 Commit Most Macros & LUTRAMs | Checksum: 13f5a6166

Time (s): cpu = 00:00:02 ; elapsed = 00:00:01 . Memory (MB): peak = 1626.605 ; gain = 2.848

Phase 3.3 Area Swap Optimization
Phase 3.3 Area Swap Optimization | Checksum: f6ffbf03

Time (s): cpu = 00:00:02 ; elapsed = 00:00:01 . Memory (MB): peak = 1626.605 ; gain = 2.848

Phase 3.4 Pipeline Register Optimization
Phase 3.4 Pipeline Register Optimization | Checksum: 1a2afb4e5

Time (s): cpu = 00:00:02 ; elapsed = 00:00:01 . Memory (MB): peak = 1626.605 ; gain = 2.848

Phase 3.5 Small Shape Detail Placement
Phase 3.5 Small Shape Detail Placement | Checksum: 242d24be4

Time (s): cpu = 00:00:02 ; elapsed = 00:00:01 . Memory (MB): peak = 1626.605 ; gain = 2.848

Phase 3.6 Re-assign LUT pins
Phase 3.6 Re-assign LUT pins | Checksum: 18945d069

Time (s): cpu = 00:00:02 ; elapsed = 00:00:01 . Memory (MB): peak = 1626.605 ; gain = 2.848

Phase 3.7 Pipeline Register Optimization
Phase 3.7 Pipeline Register Optimization | Checksum: 11d962bcb

Time (s): cpu = 00:00:02 ; elapsed = 00:00:01 . Memory (MB): peak = 1626.605 ; gain = 2.848
Phase 3 Detail Placement | Checksum: 11d962bcb

Time (s): cpu = 00:00:02 ; elapsed = 00:00:01 . Memory (MB): peak = 1626.605 ; gain = 2.848

Phase 4 Post Placement Optimization and Clean-Up

Phase 4.1 Post Commit Optimization
INFO: [Timing 38-35] Done setting XDC timing constraints.

Phase 4.1.1 Post Placement Optimization
Post Placement Optimization Initialization | Checksum: 20883bbf5

Phase 4.1.1.1 BUFG Insertion

Starting Physical Synthesis Task

Phase 1 Physical Synthesis Initialization
INFO: [Physopt 32-721] Multithreading enabled for phys_opt_design using a maximum of 2 CPUs
INFO: [Physopt 32-619] Estimated Timing Summary | WNS=1.188 | TNS=0.000 |
Phase 1 Physical Synthesis Initialization | Checksum: 1eac4be35

Time (s): cpu = 00:00:00 ; elapsed = 00:00:00.014 . Memory (MB): peak = 1638.609 ; gain = 0.000
INFO: [Place 46-56] BUFG insertion identified 0 candidate nets. Inserted BUFG: 0, Replicated BUFG Driver: 0, Skipped due to Placement/Routing Conflicts: 0, Skipped due to Timing Degradation: 0, Skipped due to Illegal Netlist: 0.
Ending Physical Synthesis Task | Checksum: 14026be0f

Time (s): cpu = 00:00:00 ; elapsed = 00:00:00.015 . Memory (MB): peak = 1638.609 ; gain = 0.000
Phase 4.1.1.1 BUFG Insertion | Checksum: 20883bbf5

Time (s): cpu = 00:00:02 ; elapsed = 00:00:02 . Memory (MB): peak = 1638.609 ; gain = 14.852
INFO: [Place 30-746] Post Placement Timing Summary WNS=1.188. For the most accurate timing information please run report_timing.
Phase 4.1.1 Post Placement Optimization | Checksum: 1b4b7c94a

Time (s): cpu = 00:00:03 ; elapsed = 00:00:02 . Memory (MB): peak = 1638.609 ; gain = 14.852
Phase 4.1 Post Commit Optimization | Checksum: 1b4b7c94a

Time (s): cpu = 00:00:03 ; elapsed = 00:00:02 . Memory (MB): peak = 1638.609 ; gain = 14.852

Phase 4.2 Post Placement Cleanup
Phase 4.2 Post Placement Cleanup | Checksum: 1b4b7c94a

Time (s): cpu = 00:00:03 ; elapsed = 00:00:02 . Memory (MB): peak = 1638.609 ; gain = 14.852

Phase 4.3 Placer Reporting
Phase 4.3 Placer Reporting | Checksum: 1b4b7c94a

Time (s): cpu = 00:00:03 ; elapsed = 00:00:02 . Memory (MB): peak = 1638.609 ; gain = 14.852

Phase 4.4 Final Placement Cleanup
Netlist sorting complete. Time (s): cpu = 00:00:00 ; elapsed = 00:00:00 . Memory (MB): peak = 1638.609 ; gain = 0.000
Phase 4.4 Final Placement Cleanup | Checksum: 10d699715

Time (s): cpu = 00:00:03 ; elapsed = 00:00:02 . Memory (MB): peak = 1638.609 ; gain = 14.852
Phase 4 Post Placement Optimization and Clean-Up | Checksum: 10d699715

Time (s): cpu = 00:00:03 ; elapsed = 00:00:02 . Memory (MB): peak = 1638.609 ; gain = 14.852
Ending Placer Task | Checksum: 76b7dede

Time (s): cpu = 00:00:03 ; elapsed = 00:00:02 . Memory (MB): peak = 1638.609 ; gain = 14.852
INFO: [Common 17-83] Releasing license: Implementation
62 Infos, 2 Warnings, 0 Critical Warnings and 0 Errors encountered.
place_design completed successfully
INFO: [Timing 38-480] Writing timing data to binary archive.
Writing placer database...
Writing XDEF routing.
Writing XDEF routing logical nets.
Writing XDEF routing special nets.
Write XDEF Complete: Time (s): cpu = 00:00:00 ; elapsed = 00:00:00.054 . Memory (MB): peak = 1638.656 ; gain = 0.047
[libprotobuf ERROR C:\w10\HEAD\src\ext\protobuf\build\lnx64\protobuf-3.7.1\src\google\protobuf\wire_format_lite.cc:611] String field 'HDMetricDBGroup.MetricMapEntry.value' contains invalid UTF-8 data when serializing a protocol buffer. Use the 'bytes' type if you intend to send raw bytes. 
INFO: [Common 17-1381] The checkpoint 'D:/Xilinx/week13/week13.runs/impl_1/HDMI_TOP_placed.dcp' has been generated.
INFO: [runtcl-4] Executing : report_io -file HDMI_TOP_io_placed.rpt
report_io: Time (s): cpu = 00:00:00 ; elapsed = 00:00:00.027 . Memory (MB): peak = 1638.656 ; gain = 0.000
INFO: [runtcl-4] Executing : report_utilization -file HDMI_TOP_utilization_placed.rpt -pb HDMI_TOP_utilization_placed.pb
INFO: [runtcl-4] Executing : report_control_sets -verbose -file HDMI_TOP_control_sets_placed.rpt
report_control_sets: Time (s): cpu = 00:00:00 ; elapsed = 00:00:00.002 . Memory (MB): peak = 1638.656 ; gain = 0.000
Command: phys_opt_design
Attempting to get a license for feature 'Implementation' and/or device 'xc7z020'
INFO: [Common 17-349] Got license for feature 'Implementation' and/or device 'xc7z020'
INFO: [Vivado_Tcl 4-383] Design worst setup slack (WNS) is greater than or equal to 0.000 ns. Skipping all physical synthesis optimizations.
INFO: [Vivado_Tcl 4-232] No setup violation found. The netlist was not modified.
INFO: [Common 17-83] Releasing license: Implementation
71 Infos, 2 Warnings, 0 Critical Warnings and 0 Errors encountered.
phys_opt_design completed successfully
INFO: [Timing 38-480] Writing timing data to binary archive.
Writing placer database...
Writing XDEF routing.
Writing XDEF routing logical nets.
Writing XDEF routing special nets.
Write XDEF Complete: Time (s): cpu = 00:00:00 ; elapsed = 00:00:00.060 . Memory (MB): peak = 1671.023 ; gain = 17.879
[libprotobuf ERROR C:\w10\HEAD\src\ext\protobuf\build\lnx64\protobuf-3.7.1\src\google\protobuf\wire_format_lite.cc:611] String field 'HDMetricDBGroup.MetricMapEntry.value' contains invalid UTF-8 data when serializing a protocol buffer. Use the 'bytes' type if you intend to send raw bytes. 
INFO: [Common 17-1381] The checkpoint 'D:/Xilinx/week13/week13.runs/impl_1/HDMI_TOP_physopt.dcp' has been generated.
Command: route_design
Attempting to get a license for feature 'Implementation' and/or device 'xc7z020'
INFO: [Common 17-349] Got license for feature 'Implementation' and/or device 'xc7z020'
Running DRC as a precondition to command route_design
INFO: [DRC 23-27] Running DRC with 2 threads
INFO: [Vivado_Tcl 4-198] DRC finished with 0 Errors
INFO: [Vivado_Tcl 4-199] Please refer to the DRC report (report_drc) for more information.


Starting Routing Task
INFO: [Route 35-254] Multithreading enabled for route_design using a maximum of 2 CPUs
Checksum: PlaceDB: 3fdfaabc ConstDB: 0 ShapeSum: 36d83422 RouteDB: 0

Phase 1 Build RT Design
Phase 1 Build RT Design | Checksum: 6ff12c61

Time (s): cpu = 00:00:13 ; elapsed = 00:00:11 . Memory (MB): peak = 1777.340 ; gain = 96.246
Post Restoration Checksum: NetGraph: 5838a9d5 NumContArr: 17b8828c Constraints: 0 Timing: 0

Phase 2 Router Initialization

Phase 2.1 Create Timer
Phase 2.1 Create Timer | Checksum: 6ff12c61

Time (s): cpu = 00:00:13 ; elapsed = 00:00:11 . Memory (MB): peak = 1777.340 ; gain = 96.246

Phase 2.2 Fix Topology Constraints
Phase 2.2 Fix Topology Constraints | Checksum: 6ff12c61

Time (s): cpu = 00:00:13 ; elapsed = 00:00:11 . Memory (MB): peak = 1783.820 ; gain = 102.727

Phase 2.3 Pre Route Cleanup
Phase 2.3 Pre Route Cleanup | Checksum: 6ff12c61

Time (s): cpu = 00:00:13 ; elapsed = 00:00:11 . Memory (MB): peak = 1783.820 ; gain = 102.727
 Number of Nodes with overlaps = 0

Phase 2.4 Update Timing
Phase 2.4 Update Timing | Checksum: d1140b11

Time (s): cpu = 00:00:13 ; elapsed = 00:00:11 . Memory (MB): peak = 1805.059 ; gain = 123.965
INFO: [Route 35-416] Intermediate Timing Summary | WNS=1.323  | TNS=0.000  | WHS=-0.463 | THS=-3.259 |

Phase 2 Router Initialization | Checksum: 8fbc4a9b

Time (s): cpu = 00:00:14 ; elapsed = 00:00:11 . Memory (MB): peak = 1805.059 ; gain = 123.965

Router Utilization Summary
  Global Vertical Routing Utilization    = 0.00657554 %
  Global Horizontal Routing Utilization  = 0.00608519 %
  Routable Net Status*
  *Does not include unroutable nets such as driverless and loadless.
  Run report_route_status for detailed report.
  Number of Failed Nets               = 542
    (Failed Nets is the sum of unrouted and partially routed nets)
  Number of Unrouted Nets             = 526
  Number of Partially Routed Nets     = 16
  Number of Node Overlaps             = 20


Phase 3 Initial Routing
Phase 3 Initial Routing | Checksum: 7bd6c66d

Time (s): cpu = 00:00:14 ; elapsed = 00:00:11 . Memory (MB): peak = 1805.059 ; gain = 123.965

Phase 4 Rip-up And Reroute

Phase 4.1 Global Iteration 0
 Number of Nodes with overlaps = 228
 Number of Nodes with overlaps = 138
 Number of Nodes with overlaps = 90
 Number of Nodes with overlaps = 39
 Number of Nodes with overlaps = 30
 Number of Nodes with overlaps = 21
 Number of Nodes with overlaps = 11
 Number of Nodes with overlaps = 3
 Number of Nodes with overlaps = 1
 Number of Nodes with overlaps = 3
 Number of Nodes with overlaps = 1
 Number of Nodes with overlaps = 1
 Number of Nodes with overlaps = 1
 Number of Nodes with overlaps = 1
 Number of Nodes with overlaps = 0
INFO: [Route 35-416] Intermediate Timing Summary | WNS=1.149  | TNS=0.000  | WHS=N/A    | THS=N/A    |

Phase 4.1 Global Iteration 0 | Checksum: 1d2a215a4

Time (s): cpu = 00:00:15 ; elapsed = 00:00:12 . Memory (MB): peak = 1805.059 ; gain = 123.965
Phase 4 Rip-up And Reroute | Checksum: 1d2a215a4

Time (s): cpu = 00:00:15 ; elapsed = 00:00:12 . Memory (MB): peak = 1805.059 ; gain = 123.965

Phase 5 Delay and Skew Optimization

Phase 5.1 Delay CleanUp
Phase 5.1 Delay CleanUp | Checksum: 1d2a215a4

Time (s): cpu = 00:00:15 ; elapsed = 00:00:12 . Memory (MB): peak = 1805.059 ; gain = 123.965

Phase 5.2 Clock Skew Optimization
Phase 5.2 Clock Skew Optimization | Checksum: 1d2a215a4

Time (s): cpu = 00:00:15 ; elapsed = 00:00:12 . Memory (MB): peak = 1805.059 ; gain = 123.965
Phase 5 Delay and Skew Optimization | Checksum: 1d2a215a4

Time (s): cpu = 00:00:15 ; elapsed = 00:00:12 . Memory (MB): peak = 1805.059 ; gain = 123.965

Phase 6 Post Hold Fix

Phase 6.1 Hold Fix Iter

Phase 6.1.1 Update Timing
Phase 6.1.1 Update Timing | Checksum: 1ba938737

Time (s): cpu = 00:00:15 ; elapsed = 00:00:12 . Memory (MB): peak = 1805.059 ; gain = 123.965
INFO: [Route 35-416] Intermediate Timing Summary | WNS=1.280  | TNS=0.000  | WHS=0.248  | THS=0.000  |

Phase 6.1 Hold Fix Iter | Checksum: 1ba938737

Time (s): cpu = 00:00:15 ; elapsed = 00:00:12 . Memory (MB): peak = 1805.059 ; gain = 123.965
Phase 6 Post Hold Fix | Checksum: 1ba938737

Time (s): cpu = 00:00:15 ; elapsed = 00:00:12 . Memory (MB): peak = 1805.059 ; gain = 123.965

Phase 7 Route finalize

Router Utilization Summary
  Global Vertical Routing Utilization    = 0.12711 %
  Global Horizontal Routing Utilization  = 0.155172 %
  Routable Net Status*
  *Does not include unroutable nets such as driverless and loadless.
  Run report_route_status for detailed report.
  Number of Failed Nets               = 0
    (Failed Nets is the sum of unrouted and partially routed nets)
  Number of Unrouted Nets             = 0
  Number of Partially Routed Nets     = 0
  Number of Node Overlaps             = 0

Phase 7 Route finalize | Checksum: 1bc298999

Time (s): cpu = 00:00:15 ; elapsed = 00:00:12 . Memory (MB): peak = 1805.059 ; gain = 123.965

Phase 8 Verifying routed nets

 Verification completed successfully
Phase 8 Verifying routed nets | Checksum: 1bc298999

Time (s): cpu = 00:00:15 ; elapsed = 00:00:12 . Memory (MB): peak = 1805.059 ; gain = 123.965

Phase 9 Depositing Routes
Phase 9 Depositing Routes | Checksum: 1ca18bfdd

Time (s): cpu = 00:00:15 ; elapsed = 00:00:12 . Memory (MB): peak = 1805.059 ; gain = 123.965

Phase 10 Post Router Timing
INFO: [Route 35-57] Estimated Timing Summary | WNS=1.280  | TNS=0.000  | WHS=0.248  | THS=0.000  |

INFO: [Route 35-327] The final timing numbers are based on the router estimated timing analysis. For a complete and accurate timing signoff, please run report_timing_summary.
Phase 10 Post Router Timing | Checksum: 1ca18bfdd

Time (s): cpu = 00:00:15 ; elapsed = 00:00:12 . Memory (MB): peak = 1805.059 ; gain = 123.965
INFO: [Route 35-16] Router Completed Successfully

Time (s): cpu = 00:00:15 ; elapsed = 00:00:12 . Memory (MB): peak = 1805.059 ; gain = 123.965

Routing Is Done.
INFO: [Common 17-83] Releasing license: Implementation
85 Infos, 2 Warnings, 0 Critical Warnings and 0 Errors encountered.
route_design completed successfully
route_design: Time (s): cpu = 00:00:16 ; elapsed = 00:00:13 . Memory (MB): peak = 1805.059 ; gain = 134.035
INFO: [Timing 38-480] Writing timing data to binary archive.
Writing placer database...
Writing XDEF routing.
Writing XDEF routing logical nets.
Writing XDEF routing special nets.
Write XDEF Complete: Time (s): cpu = 00:00:01 ; elapsed = 00:00:00.061 . Memory (MB): peak = 1809.246 ; gain = 4.188
[libprotobuf ERROR C:\w10\HEAD\src\ext\protobuf\build\lnx64\protobuf-3.7.1\src\google\protobuf\wire_format_lite.cc:611] String field 'HDMetricDBGroup.MetricMapEntry.value' contains invalid UTF-8 data when serializing a protocol buffer. Use the 'bytes' type if you intend to send raw bytes. 
INFO: [Common 17-1381] The checkpoint 'D:/Xilinx/week13/week13.runs/impl_1/HDMI_TOP_routed.dcp' has been generated.
INFO: [runtcl-4] Executing : report_drc -file HDMI_TOP_drc_routed.rpt -pb HDMI_TOP_drc_routed.pb -rpx HDMI_TOP_drc_routed.rpx
Command: report_drc -file HDMI_TOP_drc_routed.rpt -pb HDMI_TOP_drc_routed.pb -rpx HDMI_TOP_drc_routed.rpx
INFO: [IP_Flow 19-1839] IP Catalog is up to date.
INFO: [DRC 23-27] Running DRC with 2 threads
INFO: [Coretcl 2-168] The results of DRC are in file D:/Xilinx/week13/week13.runs/impl_1/HDMI_TOP_drc_routed.rpt.
report_drc completed successfully
INFO: [runtcl-4] Executing : report_methodology -file HDMI_TOP_methodology_drc_routed.rpt -pb HDMI_TOP_methodology_drc_routed.pb -rpx HDMI_TOP_methodology_drc_routed.rpx
Command: report_methodology -file HDMI_TOP_methodology_drc_routed.rpt -pb HDMI_TOP_methodology_drc_routed.pb -rpx HDMI_TOP_methodology_drc_routed.rpx
INFO: [Timing 38-35] Done setting XDC timing constraints.
INFO: [DRC 23-133] Running Methodology with 2 threads
INFO: [Coretcl 2-1520] The results of Report Methodology are in file D:/Xilinx/week13/week13.runs/impl_1/HDMI_TOP_methodology_drc_routed.rpt.
report_methodology completed successfully
INFO: [runtcl-4] Executing : report_power -file HDMI_TOP_power_routed.rpt -pb HDMI_TOP_power_summary_routed.pb -rpx HDMI_TOP_power_routed.rpx
Command: report_power -file HDMI_TOP_power_routed.rpt -pb HDMI_TOP_power_summary_routed.pb -rpx HDMI_TOP_power_routed.rpx
INFO: [Timing 38-35] Done setting XDC timing constraints.
Running Vector-less Activity Propagation...

Finished Running Vector-less Activity Propagation
97 Infos, 2 Warnings, 0 Critical Warnings and 0 Errors encountered.
report_power completed successfully
INFO: [runtcl-4] Executing : report_route_status -file HDMI_TOP_route_status.rpt -pb HDMI_TOP_route_status.pb
INFO: [runtcl-4] Executing : report_timing_summary -max_paths 10 -file HDMI_TOP_timing_summary_routed.rpt -pb HDMI_TOP_timing_summary_routed.pb -rpx HDMI_TOP_timing_summary_routed.rpx -warn_on_violation 
INFO: [Timing 38-91] UpdateTimingParams: Speed grade: -1, Delay Type: min_max.
INFO: [Timing 38-191] Multithreading enabled for timing update using a maximum of 2 CPUs
INFO: [runtcl-4] Executing : report_incremental_reuse -file HDMI_TOP_incremental_reuse_routed.rpt
INFO: [Vivado_Tcl 4-1062] Incremental flow is disabled. No incremental reuse Info to report.
INFO: [runtcl-4] Executing : report_clock_utilization -file HDMI_TOP_clock_utilization_routed.rpt
INFO: [runtcl-4] Executing : report_bus_skew -warn_on_violation -file HDMI_TOP_bus_skew_routed.rpt -pb HDMI_TOP_bus_skew_routed.pb -rpx HDMI_TOP_bus_skew_routed.rpx
INFO: [Timing 38-91] UpdateTimingParams: Speed grade: -1, Delay Type: min_max.
INFO: [Timing 38-191] Multithreading enabled for timing update using a maximum of 2 CPUs
Command: write_bitstream -force HDMI_TOP.bit
Attempting to get a license for feature 'Implementation' and/or device 'xc7z020'
INFO: [Common 17-349] Got license for feature 'Implementation' and/or device 'xc7z020'
Running DRC as a precondition to command write_bitstream
INFO: [IP_Flow 19-1839] IP Catalog is up to date.
INFO: [DRC 23-27] Running DRC with 2 threads
WARNING: [DRC ZPS7-1] PS7 block required: The PS7 cell must be used in this Zynq design in order to enable correct default configuration.
INFO: [Vivado 12-3199] DRC finished with 0 Errors, 1 Warnings
INFO: [Vivado 12-3200] Please refer to the DRC report (report_drc) for more information.
INFO: [Designutils 20-2272] Running write_bitstream with 2 threads.
Loading data files...
Loading site data...
Loading route data...
Processing options...
Creating bitmap...
Creating bitstream...
Writing bitstream ./HDMI_TOP.bit...
INFO: [Vivado 12-1842] Bitgen Completed Successfully.
INFO: [Project 1-120] WebTalk data collection is mandatory when using a WebPACK part without a full Vivado license. To see the specific WebTalk data collected for your design, open the usage_statistics_webtalk.html or usage_statistics_webtalk.xml file in the implementation directory.
INFO: [Common 17-186] 'D:/Xilinx/week13/week13.runs/impl_1/usage_statistics_webtalk.xml' has been successfully sent to Xilinx on Thu Jun  2 14:34:18 2022. For additional details about this file, please refer to the WebTalk help file at D:/Xilinx/Vivado/2020.1/doc/webtalk_introduction.html.
INFO: [Common 17-83] Releasing license: Implementation
117 Infos, 3 Warnings, 0 Critical Warnings and 0 Errors encountered.
write_bitstream completed successfully
write_bitstream: Time (s): cpu = 00:00:08 ; elapsed = 00:00:11 . Memory (MB): peak = 2276.648 ; gain = 438.734
INFO: [Common 17-206] Exiting Vivado at Thu Jun  2 14:34:18 2022...
