18:42:50 INFO  : Registering command handlers for Vitis TCF services
18:42:50 INFO  : Launching XSCT server: xsct.bat -n  -interactive D:\Xilinx\week9\workspace2\temp_xsdb_launch_script.tcl
18:42:54 INFO  : XSCT server has started successfully.
18:42:54 INFO  : Successfully done setting XSCT server connection channel  
18:42:54 INFO  : plnx-install-location is set to ''
18:42:55 INFO  : Platform repository initialization has completed.
18:42:56 INFO  : Successfully done setting workspace for the tool. 
18:42:56 INFO  : Successfully done query RDI_DATADIR 
18:43:33 INFO  : Result from executing command 'getProjects': audio_1
18:43:33 INFO  : Result from executing command 'getPlatforms': 
18:43:33 INFO  : Platform 'audio_1' is added to custom repositories.
18:43:39 INFO  : Platform 'audio_1' is added to custom repositories.
18:45:26 INFO  : Result from executing command 'getProjects': audio_1
18:45:26 INFO  : Result from executing command 'getPlatforms': audio_1|D:/Xilinx/week9/workspace2/audio_1/export/audio_1/audio_1.xpfm
18:45:26 INFO  : Checking for BSP changes to sync application flags for project 'week11'...
22:56:23 INFO  : Launching XSCT server: xsct.bat -n  -interactive D:\Xilinx\week9\workspace2\temp_xsdb_launch_script.tcl
22:56:24 INFO  : XSCT server has started successfully.
22:56:24 INFO  : Successfully done setting XSCT server connection channel  
22:56:24 INFO  : plnx-install-location is set to ''
22:56:24 INFO  : Successfully done setting workspace for the tool. 
22:56:26 INFO  : Platform repository initialization has completed.
22:56:26 INFO  : Successfully done query RDI_DATADIR 
22:56:26 INFO  : Registering command handlers for Vitis TCF services
12:58:29 INFO  : Launching XSCT server: xsct.bat -n  -interactive D:\Xilinx\week9\workspace2\temp_xsdb_launch_script.tcl
12:58:30 INFO  : XSCT server has started successfully.
12:58:30 INFO  : Successfully done setting XSCT server connection channel  
12:58:30 INFO  : plnx-install-location is set to ''
12:58:30 INFO  : Successfully done setting workspace for the tool. 
12:58:32 INFO  : Platform repository initialization has completed.
12:58:32 INFO  : Successfully done query RDI_DATADIR 
12:58:32 INFO  : Registering command handlers for Vitis TCF services
13:48:51 INFO  : Result from executing command 'getProjects': audio_1
13:48:51 INFO  : Result from executing command 'getPlatforms': audio_1|D:/Xilinx/week9/workspace2/audio_1/export/audio_1/audio_1.xpfm
13:48:51 INFO  : Checking for BSP changes to sync application flags for project 'week11'...
13:50:19 INFO  : Connected to target on host '127.0.0.1' and port '3121'.
13:50:19 INFO  : Jtag cable 'Xilinx TUL 1234-tulA' is selected.
13:50:19 INFO  : 'jtag frequency' command is executed.
13:50:19 INFO  : Context for 'APU' is selected.
13:50:19 INFO  : System reset is completed.
13:50:22 INFO  : 'after 3000' command is executed.
13:50:22 INFO  : 'targets -set -filter {jtag_cable_name =~ "Xilinx TUL 1234-tulA" && level==0 && jtag_device_ctx=="jsn-TUL-1234-tulA-23727093-0"}' command is executed.
13:50:25 INFO  : FPGA configured successfully with bitstream "D:/Xilinx/week9/workspace2/week11/_ide/bitstream/audio_1.bit"
13:50:25 INFO  : Context for 'APU' is selected.
13:50:25 INFO  : Hardware design and registers information is loaded from 'D:/Xilinx/week9/workspace2/audio_1/export/audio_1/hw/audio_1.xsa'.
13:50:25 INFO  : 'configparams force-mem-access 1' command is executed.
13:50:25 INFO  : Context for 'APU' is selected.
13:50:25 INFO  : Sourcing of 'D:/Xilinx/week9/workspace2/week11/_ide/psinit/ps7_init.tcl' is done.
13:50:25 INFO  : 'ps7_init' command is executed.
13:50:25 INFO  : 'ps7_post_config' command is executed.
13:50:25 INFO  : 'configparams force-mem-access 0' command is executed.
13:50:25 INFO  : ----------------XSDB Script----------------
connect -url tcp:127.0.0.1:3121
targets -set -nocase -filter {name =~"APU*"}
rst -system
after 3000
targets -set -filter {jtag_cable_name =~ "Xilinx TUL 1234-tulA" && level==0 && jtag_device_ctx=="jsn-TUL-1234-tulA-23727093-0"}
fpga -file D:/Xilinx/week9/workspace2/week11/_ide/bitstream/audio_1.bit
targets -set -nocase -filter {name =~"APU*"}
loadhw -hw D:/Xilinx/week9/workspace2/audio_1/export/audio_1/hw/audio_1.xsa -mem-ranges [list {0x40000000 0xbfffffff}] -regs
configparams force-mem-access 1
targets -set -nocase -filter {name =~"APU*"}
source D:/Xilinx/week9/workspace2/week11/_ide/psinit/ps7_init.tcl
ps7_init
ps7_post_config
configparams force-mem-access 0
----------------End of Script----------------

13:50:25 INFO  : Disconnected from the channel tcfchan#2.
11:31:40 INFO  : Launching XSCT server: xsct.bat -n  -interactive D:\Xilinx\week9\workspace2\temp_xsdb_launch_script.tcl
11:31:41 INFO  : XSCT server has started successfully.
11:31:41 INFO  : plnx-install-location is set to ''
11:31:41 INFO  : Successfully done setting XSCT server connection channel  
11:31:41 INFO  : Successfully done setting workspace for the tool. 
11:31:43 INFO  : Platform repository initialization has completed.
11:31:43 INFO  : Successfully done query RDI_DATADIR 
11:31:43 INFO  : Registering command handlers for Vitis TCF services
11:32:17 INFO  : Checking for BSP changes to sync application flags for project 'week11'...
11:32:39 INFO  : Connected to target on host '127.0.0.1' and port '3121'.
11:32:39 INFO  : Jtag cable 'Xilinx TUL 1234-tulA' is selected.
11:32:39 INFO  : 'jtag frequency' command is executed.
11:32:39 INFO  : Context for 'APU' is selected.
11:32:40 INFO  : System reset is completed.
11:32:43 INFO  : 'after 3000' command is executed.
11:32:43 INFO  : 'targets -set -filter {jtag_cable_name =~ "Xilinx TUL 1234-tulA" && level==0 && jtag_device_ctx=="jsn-TUL-1234-tulA-23727093-0"}' command is executed.
11:32:45 INFO  : FPGA configured successfully with bitstream "D:/Xilinx/week9/workspace2/week11/_ide/bitstream/audio_1.bit"
11:32:45 INFO  : Context for 'APU' is selected.
11:32:45 INFO  : Hardware design and registers information is loaded from 'D:/Xilinx/week9/workspace2/audio_1/export/audio_1/hw/audio_1.xsa'.
11:32:45 INFO  : 'configparams force-mem-access 1' command is executed.
11:32:45 INFO  : Context for 'APU' is selected.
11:32:45 INFO  : Sourcing of 'D:/Xilinx/week9/workspace2/week11/_ide/psinit/ps7_init.tcl' is done.
11:32:45 INFO  : 'ps7_init' command is executed.
11:32:45 INFO  : 'ps7_post_config' command is executed.
11:32:45 INFO  : Context for processor 'ps7_cortexa9_0' is selected.
11:32:45 INFO  : The application 'D:/Xilinx/week9/workspace2/week11/Debug/week11.elf' is downloaded to processor 'ps7_cortexa9_0'.
11:32:46 INFO  : 'configparams force-mem-access 0' command is executed.
11:32:46 INFO  : ----------------XSDB Script----------------
connect -url tcp:127.0.0.1:3121
targets -set -nocase -filter {name =~"APU*"}
rst -system
after 3000
targets -set -filter {jtag_cable_name =~ "Xilinx TUL 1234-tulA" && level==0 && jtag_device_ctx=="jsn-TUL-1234-tulA-23727093-0"}
fpga -file D:/Xilinx/week9/workspace2/week11/_ide/bitstream/audio_1.bit
targets -set -nocase -filter {name =~"APU*"}
loadhw -hw D:/Xilinx/week9/workspace2/audio_1/export/audio_1/hw/audio_1.xsa -mem-ranges [list {0x40000000 0xbfffffff}] -regs
configparams force-mem-access 1
targets -set -nocase -filter {name =~"APU*"}
source D:/Xilinx/week9/workspace2/week11/_ide/psinit/ps7_init.tcl
ps7_init
ps7_post_config
targets -set -nocase -filter {name =~ "*A9*#0"}
dow D:/Xilinx/week9/workspace2/week11/Debug/week11.elf
configparams force-mem-access 0
----------------End of Script----------------

11:32:46 INFO  : Context for processor 'ps7_cortexa9_0' is selected.
11:32:46 INFO  : 'con' command is executed.
11:32:46 INFO  : ----------------XSDB Script (After Launch)----------------
targets -set -nocase -filter {name =~ "*A9*#0"}
con
----------------End of Script----------------

11:32:46 INFO  : Disconnected from the channel tcfchan#1.
11:45:16 INFO  : Launching XSCT server: xsct.bat -n  -interactive D:\Xilinx\week9\workspace2\temp_xsdb_launch_script.tcl
11:45:17 INFO  : XSCT server has started successfully.
11:45:17 INFO  : plnx-install-location is set to ''
11:45:17 INFO  : Successfully done setting XSCT server connection channel  
11:45:17 INFO  : Successfully done setting workspace for the tool. 
11:45:19 INFO  : Platform repository initialization has completed.
11:45:19 INFO  : Successfully done query RDI_DATADIR 
11:45:19 INFO  : Registering command handlers for Vitis TCF services
11:45:30 INFO  : Checking for BSP changes to sync application flags for project 'week11'...
11:45:37 INFO  : Connected to target on host '127.0.0.1' and port '3121'.
11:45:38 INFO  : Jtag cable 'Xilinx TUL 1234-tulA' is selected.
11:45:38 INFO  : 'jtag frequency' command is executed.
11:45:38 INFO  : Context for 'APU' is selected.
11:45:38 INFO  : System reset is completed.
11:45:41 INFO  : 'after 3000' command is executed.
11:45:41 INFO  : 'targets -set -filter {jtag_cable_name =~ "Xilinx TUL 1234-tulA" && level==0 && jtag_device_ctx=="jsn-TUL-1234-tulA-23727093-0"}' command is executed.
11:45:43 INFO  : FPGA configured successfully with bitstream "D:/Xilinx/week9/workspace2/week11/_ide/bitstream/audio_1.bit"
11:45:43 INFO  : Context for 'APU' is selected.
11:45:43 INFO  : Hardware design and registers information is loaded from 'D:/Xilinx/week9/workspace2/audio_1/export/audio_1/hw/audio_1.xsa'.
11:45:43 INFO  : 'configparams force-mem-access 1' command is executed.
11:45:43 INFO  : Context for 'APU' is selected.
11:45:43 INFO  : Sourcing of 'D:/Xilinx/week9/workspace2/week11/_ide/psinit/ps7_init.tcl' is done.
11:45:44 INFO  : 'ps7_init' command is executed.
11:45:44 INFO  : 'ps7_post_config' command is executed.
11:45:44 INFO  : Context for processor 'ps7_cortexa9_0' is selected.
11:45:44 INFO  : The application 'D:/Xilinx/week9/workspace2/week11/Debug/week11.elf' is downloaded to processor 'ps7_cortexa9_0'.
11:45:44 INFO  : 'configparams force-mem-access 0' command is executed.
11:45:44 INFO  : ----------------XSDB Script----------------
connect -url tcp:127.0.0.1:3121
targets -set -nocase -filter {name =~"APU*"}
rst -system
after 3000
targets -set -filter {jtag_cable_name =~ "Xilinx TUL 1234-tulA" && level==0 && jtag_device_ctx=="jsn-TUL-1234-tulA-23727093-0"}
fpga -file D:/Xilinx/week9/workspace2/week11/_ide/bitstream/audio_1.bit
targets -set -nocase -filter {name =~"APU*"}
loadhw -hw D:/Xilinx/week9/workspace2/audio_1/export/audio_1/hw/audio_1.xsa -mem-ranges [list {0x40000000 0xbfffffff}] -regs
configparams force-mem-access 1
targets -set -nocase -filter {name =~"APU*"}
source D:/Xilinx/week9/workspace2/week11/_ide/psinit/ps7_init.tcl
ps7_init
ps7_post_config
targets -set -nocase -filter {name =~ "*A9*#0"}
dow D:/Xilinx/week9/workspace2/week11/Debug/week11.elf
configparams force-mem-access 0
----------------End of Script----------------

11:45:44 INFO  : Context for processor 'ps7_cortexa9_0' is selected.
11:45:44 INFO  : 'con' command is executed.
11:45:44 INFO  : ----------------XSDB Script (After Launch)----------------
targets -set -nocase -filter {name =~ "*A9*#0"}
con
----------------End of Script----------------

11:45:44 INFO  : Disconnected from the channel tcfchan#1.
11:46:44 INFO  : Checking for BSP changes to sync application flags for project 'week11'...
11:46:52 INFO  : Connected to target on host '127.0.0.1' and port '3121'.
11:46:53 INFO  : Jtag cable 'Xilinx TUL 1234-tulA' is selected.
11:46:53 INFO  : 'jtag frequency' command is executed.
11:46:53 INFO  : Context for 'APU' is selected.
11:46:53 INFO  : System reset is completed.
11:46:56 INFO  : 'after 3000' command is executed.
11:46:56 INFO  : 'targets -set -filter {jtag_cable_name =~ "Xilinx TUL 1234-tulA" && level==0 && jtag_device_ctx=="jsn-TUL-1234-tulA-23727093-0"}' command is executed.
11:46:58 INFO  : FPGA configured successfully with bitstream "D:/Xilinx/week9/workspace2/week11/_ide/bitstream/audio_1.bit"
11:46:58 INFO  : Context for 'APU' is selected.
11:46:58 INFO  : Hardware design and registers information is loaded from 'D:/Xilinx/week9/workspace2/audio_1/export/audio_1/hw/audio_1.xsa'.
11:46:58 INFO  : 'configparams force-mem-access 1' command is executed.
11:46:58 INFO  : Context for 'APU' is selected.
11:46:58 INFO  : Sourcing of 'D:/Xilinx/week9/workspace2/week11/_ide/psinit/ps7_init.tcl' is done.
11:46:58 INFO  : 'ps7_init' command is executed.
11:46:58 INFO  : 'ps7_post_config' command is executed.
11:46:58 INFO  : Context for processor 'ps7_cortexa9_0' is selected.
11:46:59 INFO  : The application 'D:/Xilinx/week9/workspace2/week11/Debug/week11.elf' is downloaded to processor 'ps7_cortexa9_0'.
11:46:59 INFO  : 'configparams force-mem-access 0' command is executed.
11:46:59 INFO  : ----------------XSDB Script----------------
connect -url tcp:127.0.0.1:3121
targets -set -nocase -filter {name =~"APU*"}
rst -system
after 3000
targets -set -filter {jtag_cable_name =~ "Xilinx TUL 1234-tulA" && level==0 && jtag_device_ctx=="jsn-TUL-1234-tulA-23727093-0"}
fpga -file D:/Xilinx/week9/workspace2/week11/_ide/bitstream/audio_1.bit
targets -set -nocase -filter {name =~"APU*"}
loadhw -hw D:/Xilinx/week9/workspace2/audio_1/export/audio_1/hw/audio_1.xsa -mem-ranges [list {0x40000000 0xbfffffff}] -regs
configparams force-mem-access 1
targets -set -nocase -filter {name =~"APU*"}
source D:/Xilinx/week9/workspace2/week11/_ide/psinit/ps7_init.tcl
ps7_init
ps7_post_config
targets -set -nocase -filter {name =~ "*A9*#0"}
dow D:/Xilinx/week9/workspace2/week11/Debug/week11.elf
configparams force-mem-access 0
----------------End of Script----------------

11:46:59 INFO  : Context for processor 'ps7_cortexa9_0' is selected.
11:46:59 INFO  : 'con' command is executed.
11:46:59 INFO  : ----------------XSDB Script (After Launch)----------------
targets -set -nocase -filter {name =~ "*A9*#0"}
con
----------------End of Script----------------

11:46:59 INFO  : Disconnected from the channel tcfchan#2.
11:47:56 INFO  : Checking for BSP changes to sync application flags for project 'week11'...
11:48:04 INFO  : Connected to target on host '127.0.0.1' and port '3121'.
11:48:04 INFO  : Jtag cable 'Xilinx TUL 1234-tulA' is selected.
11:48:04 INFO  : 'jtag frequency' command is executed.
11:48:04 INFO  : Context for 'APU' is selected.
11:48:04 INFO  : System reset is completed.
11:48:07 INFO  : 'after 3000' command is executed.
11:48:07 INFO  : 'targets -set -filter {jtag_cable_name =~ "Xilinx TUL 1234-tulA" && level==0 && jtag_device_ctx=="jsn-TUL-1234-tulA-23727093-0"}' command is executed.
11:48:10 INFO  : FPGA configured successfully with bitstream "D:/Xilinx/week9/workspace2/week11/_ide/bitstream/audio_1.bit"
11:48:10 INFO  : Context for 'APU' is selected.
11:48:10 INFO  : Hardware design and registers information is loaded from 'D:/Xilinx/week9/workspace2/audio_1/export/audio_1/hw/audio_1.xsa'.
11:48:10 INFO  : 'configparams force-mem-access 1' command is executed.
11:48:10 INFO  : Context for 'APU' is selected.
11:48:10 INFO  : Sourcing of 'D:/Xilinx/week9/workspace2/week11/_ide/psinit/ps7_init.tcl' is done.
11:48:10 INFO  : 'ps7_init' command is executed.
11:48:10 INFO  : 'ps7_post_config' command is executed.
11:48:10 INFO  : Context for processor 'ps7_cortexa9_0' is selected.
11:48:10 INFO  : The application 'D:/Xilinx/week9/workspace2/week11/Debug/week11.elf' is downloaded to processor 'ps7_cortexa9_0'.
11:48:10 INFO  : 'configparams force-mem-access 0' command is executed.
11:48:10 INFO  : ----------------XSDB Script----------------
connect -url tcp:127.0.0.1:3121
targets -set -nocase -filter {name =~"APU*"}
rst -system
after 3000
targets -set -filter {jtag_cable_name =~ "Xilinx TUL 1234-tulA" && level==0 && jtag_device_ctx=="jsn-TUL-1234-tulA-23727093-0"}
fpga -file D:/Xilinx/week9/workspace2/week11/_ide/bitstream/audio_1.bit
targets -set -nocase -filter {name =~"APU*"}
loadhw -hw D:/Xilinx/week9/workspace2/audio_1/export/audio_1/hw/audio_1.xsa -mem-ranges [list {0x40000000 0xbfffffff}] -regs
configparams force-mem-access 1
targets -set -nocase -filter {name =~"APU*"}
source D:/Xilinx/week9/workspace2/week11/_ide/psinit/ps7_init.tcl
ps7_init
ps7_post_config
targets -set -nocase -filter {name =~ "*A9*#0"}
dow D:/Xilinx/week9/workspace2/week11/Debug/week11.elf
configparams force-mem-access 0
----------------End of Script----------------

11:48:10 INFO  : Context for processor 'ps7_cortexa9_0' is selected.
11:48:10 INFO  : 'con' command is executed.
11:48:10 INFO  : ----------------XSDB Script (After Launch)----------------
targets -set -nocase -filter {name =~ "*A9*#0"}
con
----------------End of Script----------------

11:48:10 INFO  : Disconnected from the channel tcfchan#3.
