19:44:02 INFO  : Launching XSCT server: xsct.bat -n  -interactive F:\Xilinx\week7_2\workspace\temp_xsdb_launch_script.tcl
19:44:02 INFO  : Registering command handlers for Vitis TCF services
19:44:09 INFO  : XSCT server has started successfully.
19:44:10 INFO  : plnx-install-location is set to ''
19:44:10 INFO  : Successfully done setting XSCT server connection channel  
19:44:11 INFO  : Platform repository initialization has completed.
19:44:21 INFO  : Successfully done setting workspace for the tool. 
19:44:21 INFO  : Successfully done query RDI_DATADIR 
19:45:13 INFO  : Result from executing command 'getProjects': top
19:45:13 INFO  : Result from executing command 'getPlatforms': 
19:45:13 INFO  : Platform 'top' is added to custom repositories.
19:45:27 INFO  : Platform 'top' is added to custom repositories.
19:49:25 INFO  : Result from executing command 'getProjects': top
19:49:25 INFO  : Result from executing command 'getPlatforms': top|F:/Xilinx/week7_2/workspace/top/export/top/top.xpfm
19:49:26 INFO  : Checking for BSP changes to sync application flags for project 'week7_2'...
19:50:49 INFO  : Connected to target on host '127.0.0.1' and port '3121'.
19:50:49 INFO  : Jtag cable 'Xilinx TUL 1234-tulA' is selected.
19:50:49 INFO  : 'jtag frequency' command is executed.
19:50:49 INFO  : Context for 'APU' is selected.
19:50:50 INFO  : System reset is completed.
19:50:53 INFO  : 'after 3000' command is executed.
19:50:53 INFO  : 'targets -set -filter {jtag_cable_name =~ "Xilinx TUL 1234-tulA" && level==0 && jtag_device_ctx=="jsn-TUL-1234-tulA-23727093-0"}' command is executed.
19:50:55 INFO  : FPGA configured successfully with bitstream "F:/Xilinx/week7_2/workspace/week7_2/_ide/bitstream/top.bit"
19:50:55 INFO  : Context for 'APU' is selected.
19:50:55 INFO  : Hardware design and registers information is loaded from 'F:/Xilinx/week7_2/workspace/top/export/top/hw/top.xsa'.
19:50:55 INFO  : 'configparams force-mem-access 1' command is executed.
19:50:55 INFO  : Context for 'APU' is selected.
19:50:55 INFO  : Sourcing of 'F:/Xilinx/week7_2/workspace/week7_2/_ide/psinit/ps7_init.tcl' is done.
19:50:56 INFO  : 'ps7_init' command is executed.
19:50:56 INFO  : 'ps7_post_config' command is executed.
19:50:56 INFO  : Context for processor 'ps7_cortexa9_0' is selected.
19:50:56 INFO  : The application 'F:/Xilinx/week7_2/workspace/week7_2/Debug/week7_2.elf' is downloaded to processor 'ps7_cortexa9_0'.
19:50:56 INFO  : 'configparams force-mem-access 0' command is executed.
19:50:56 INFO  : ----------------XSDB Script----------------
connect -url tcp:127.0.0.1:3121
targets -set -nocase -filter {name =~"APU*"}
rst -system
after 3000
targets -set -filter {jtag_cable_name =~ "Xilinx TUL 1234-tulA" && level==0 && jtag_device_ctx=="jsn-TUL-1234-tulA-23727093-0"}
fpga -file F:/Xilinx/week7_2/workspace/week7_2/_ide/bitstream/top.bit
targets -set -nocase -filter {name =~"APU*"}
loadhw -hw F:/Xilinx/week7_2/workspace/top/export/top/hw/top.xsa -mem-ranges [list {0x40000000 0xbfffffff}] -regs
configparams force-mem-access 1
targets -set -nocase -filter {name =~"APU*"}
source F:/Xilinx/week7_2/workspace/week7_2/_ide/psinit/ps7_init.tcl
ps7_init
ps7_post_config
targets -set -nocase -filter {name =~ "*A9*#0"}
dow F:/Xilinx/week7_2/workspace/week7_2/Debug/week7_2.elf
configparams force-mem-access 0
----------------End of Script----------------

19:50:56 INFO  : Context for processor 'ps7_cortexa9_0' is selected.
19:50:56 INFO  : 'con' command is executed.
19:50:56 INFO  : ----------------XSDB Script (After Launch)----------------
targets -set -nocase -filter {name =~ "*A9*#0"}
con
----------------End of Script----------------

19:50:56 INFO  : Launch script is exported to file 'F:\Xilinx\week7_2\workspace\.sdk\launch_scripts\single_application_debug\debugger_week7_2-default.tcl'
19:52:18 INFO  : Disconnected from the channel tcfchan#3.
14:44:46 INFO  : Launching XSCT server: xsct.bat -n  -interactive F:\Xilinx\week7_2\workspace\temp_xsdb_launch_script.tcl
14:44:49 INFO  : XSCT server has started successfully.
14:44:49 INFO  : Successfully done setting XSCT server connection channel  
14:44:49 INFO  : plnx-install-location is set to ''
14:44:49 INFO  : Successfully done setting workspace for the tool. 
14:44:54 INFO  : Platform repository initialization has completed.
14:44:54 INFO  : Successfully done query RDI_DATADIR 
14:44:54 INFO  : Registering command handlers for Vitis TCF services
14:45:57 INFO  : Connected to target on host '127.0.0.1' and port '3121'.
14:45:58 INFO  : Jtag cable 'Xilinx TUL 1234-tulA' is selected.
14:45:58 INFO  : 'jtag frequency' command is executed.
14:45:58 INFO  : Context for 'APU' is selected.
14:45:58 INFO  : System reset is completed.
14:46:01 INFO  : 'after 3000' command is executed.
14:46:01 INFO  : 'targets -set -filter {jtag_cable_name =~ "Xilinx TUL 1234-tulA" && level==0 && jtag_device_ctx=="jsn-TUL-1234-tulA-23727093-0"}' command is executed.
14:46:03 INFO  : FPGA configured successfully with bitstream "F:/Xilinx/week7_2/workspace/week7_2/_ide/bitstream/top.bit"
14:46:03 INFO  : Context for 'APU' is selected.
14:46:03 INFO  : Hardware design and registers information is loaded from 'F:/Xilinx/week7_2/workspace/top/export/top/hw/top.xsa'.
14:46:03 INFO  : 'configparams force-mem-access 1' command is executed.
14:46:03 INFO  : Context for 'APU' is selected.
14:46:04 INFO  : Sourcing of 'F:/Xilinx/week7_2/workspace/week7_2/_ide/psinit/ps7_init.tcl' is done.
14:46:04 INFO  : 'ps7_init' command is executed.
14:46:04 INFO  : 'ps7_post_config' command is executed.
14:46:04 INFO  : Context for processor 'ps7_cortexa9_0' is selected.
14:46:04 INFO  : The application 'F:/Xilinx/week7_2/workspace/week7_2/Debug/week7_2.elf' is downloaded to processor 'ps7_cortexa9_0'.
14:46:04 INFO  : 'configparams force-mem-access 0' command is executed.
14:46:04 INFO  : ----------------XSDB Script----------------
connect -url tcp:127.0.0.1:3121
targets -set -nocase -filter {name =~"APU*"}
rst -system
after 3000
targets -set -filter {jtag_cable_name =~ "Xilinx TUL 1234-tulA" && level==0 && jtag_device_ctx=="jsn-TUL-1234-tulA-23727093-0"}
fpga -file F:/Xilinx/week7_2/workspace/week7_2/_ide/bitstream/top.bit
targets -set -nocase -filter {name =~"APU*"}
loadhw -hw F:/Xilinx/week7_2/workspace/top/export/top/hw/top.xsa -mem-ranges [list {0x40000000 0xbfffffff}] -regs
configparams force-mem-access 1
targets -set -nocase -filter {name =~"APU*"}
source F:/Xilinx/week7_2/workspace/week7_2/_ide/psinit/ps7_init.tcl
ps7_init
ps7_post_config
targets -set -nocase -filter {name =~ "*A9*#0"}
dow F:/Xilinx/week7_2/workspace/week7_2/Debug/week7_2.elf
configparams force-mem-access 0
----------------End of Script----------------

14:46:05 INFO  : Context for processor 'ps7_cortexa9_0' is selected.
14:46:05 INFO  : 'con' command is executed.
14:46:05 INFO  : ----------------XSDB Script (After Launch)----------------
targets -set -nocase -filter {name =~ "*A9*#0"}
con
----------------End of Script----------------

14:46:05 INFO  : Launch script is exported to file 'F:\Xilinx\week7_2\workspace\.sdk\launch_scripts\single_application_debug\debugger_week7_2-default.tcl'
14:47:29 INFO  : Disconnected from the channel tcfchan#1.
