TRACE::2022-04-27.20:19:13::SCWBifWriter::Found the complete platform F:/Xilinx/week7_3/workspace/top/export/top/top.xpfm
TRACE::2022-04-27.20:19:13::SCWBifWriter::hardware databse : top_1
TRACE::2022-04-27.20:19:13::SCWBifWriter::bitstream found in the design
TRACE::2022-04-27.20:19:13::SCWBifWriter::Found a baremetal domain, proc: ps7_cortexa9_0
TRACE::2022-04-27.20:19:13::SCWBifWriter::proc type : 
TRACE::2022-04-27.20:19:13::SCWBifWriter::proc[0] : ps7_cortexa9_0
TRACE::2022-04-27.20:19:13::SCWBifWriter::Device type is : zynq
TRACE::2022-04-27.20:19:13::SCWBifWriter::Writing BIF to file : F:/Xilinx/week7_3/workspace/week7_3_system/Debug/system.bif
TRACE::2022-04-27.20:19:13::SCWBifWriter::Writing the Zynq Baremetal bif 
TRACE::2022-04-27.20:21:38::SCWBifWriter::Found the complete platform F:/Xilinx/week7_3/workspace/top/export/top/top.xpfm
TRACE::2022-04-27.20:21:38::SCWBifWriter::hardware databse : top_1
TRACE::2022-04-27.20:21:38::SCWBifWriter::bitstream found in the design
TRACE::2022-04-27.20:21:38::SCWBifWriter::Found a baremetal domain, proc: ps7_cortexa9_0
TRACE::2022-04-27.20:21:38::SCWBifWriter::proc type : 
TRACE::2022-04-27.20:21:38::SCWBifWriter::proc[0] : ps7_cortexa9_0
TRACE::2022-04-27.20:21:38::SCWBifWriter::Device type is : zynq
TRACE::2022-04-27.20:21:38::SCWBifWriter::Writing BIF to file : F:/Xilinx/week7_3/workspace/week7_3_system/Debug/system.bif
TRACE::2022-04-27.20:21:38::SCWBifWriter::Writing the Zynq Baremetal bif 
TRACE::2022-04-27.20:25:06::SCWBifWriter::Found the complete platform F:/Xilinx/week7_3/workspace/top/export/top/top.xpfm
TRACE::2022-04-27.20:25:06::SCWBifWriter::hardware databse : top_1
TRACE::2022-04-27.20:25:06::SCWBifWriter::bitstream found in the design
TRACE::2022-04-27.20:25:06::SCWBifWriter::Found a baremetal domain, proc: ps7_cortexa9_0
TRACE::2022-04-27.20:25:06::SCWBifWriter::proc type : 
TRACE::2022-04-27.20:25:06::SCWBifWriter::proc[0] : ps7_cortexa9_0
TRACE::2022-04-27.20:25:06::SCWBifWriter::Device type is : zynq
TRACE::2022-04-27.20:25:06::SCWBifWriter::Writing BIF to file : F:/Xilinx/week7_3/workspace/week7_3_system/Debug/system.bif
TRACE::2022-04-27.20:25:06::SCWBifWriter::Writing the Zynq Baremetal bif 
TRACE::2022-04-27.20:28:52::SCWBifWriter::Found the complete platform F:/Xilinx/week7_3/workspace/top/export/top/top.xpfm
TRACE::2022-04-27.20:28:52::SCWBifWriter::hardware databse : top_1
TRACE::2022-04-27.20:28:52::SCWBifWriter::bitstream found in the design
TRACE::2022-04-27.20:28:52::SCWBifWriter::Found a baremetal domain, proc: ps7_cortexa9_0
TRACE::2022-04-27.20:28:52::SCWBifWriter::proc type : 
TRACE::2022-04-27.20:28:52::SCWBifWriter::proc[0] : ps7_cortexa9_0
TRACE::2022-04-27.20:28:52::SCWBifWriter::Device type is : zynq
TRACE::2022-04-27.20:28:52::SCWBifWriter::Writing BIF to file : F:/Xilinx/week7_3/workspace/week7_3_system/Debug/system.bif
TRACE::2022-04-27.20:28:52::SCWBifWriter::Writing the Zynq Baremetal bif 
TRACE::2022-04-27.20:31:49::SCWBifWriter::Found the complete platform F:/Xilinx/week7_3/workspace/top/export/top/top.xpfm
TRACE::2022-04-27.20:31:49::SCWBifWriter::hardware databse : top_1
TRACE::2022-04-27.20:31:49::SCWBifWriter::bitstream found in the design
TRACE::2022-04-27.20:31:49::SCWBifWriter::Found a baremetal domain, proc: ps7_cortexa9_0
TRACE::2022-04-27.20:31:49::SCWBifWriter::proc type : 
TRACE::2022-04-27.20:31:49::SCWBifWriter::proc[0] : ps7_cortexa9_0
TRACE::2022-04-27.20:31:49::SCWBifWriter::Device type is : zynq
TRACE::2022-04-27.20:31:49::SCWBifWriter::Writing BIF to file : F:/Xilinx/week7_3/workspace/week7_3_system/Debug/system.bif
TRACE::2022-04-27.20:31:49::SCWBifWriter::Writing the Zynq Baremetal bif 
