12:19:11 INFO  : Launching XSCT server: xsct.bat -n  -interactive D:\Xilinx\finalproject\workspace\temp_xsdb_launch_script.tcl
12:19:11 INFO  : Registering command handlers for Vitis TCF services
12:19:12 INFO  : XSCT server has started successfully.
12:19:12 INFO  : plnx-install-location is set to ''
12:19:12 INFO  : Successfully done setting XSCT server connection channel  
12:19:12 INFO  : Successfully done setting workspace for the tool. 
12:19:12 INFO  : Successfully done query RDI_DATADIR 
12:19:13 INFO  : Platform repository initialization has completed.
12:19:44 INFO  : Result from executing command 'getProjects': HDMI_TOP
12:19:44 INFO  : Result from executing command 'getPlatforms': 
12:19:45 INFO  : Platform 'HDMI_TOP' is added to custom repositories.
12:19:49 INFO  : Platform 'HDMI_TOP' is added to custom repositories.
12:21:21 INFO  : Result from executing command 'getProjects': HDMI_TOP
12:21:21 INFO  : Result from executing command 'getPlatforms': HDMI_TOP|D:/Xilinx/finalproject/workspace/HDMI_TOP/export/HDMI_TOP/HDMI_TOP.xpfm
12:21:21 INFO  : Checking for BSP changes to sync application flags for project 'finalproject'...
12:21:59 INFO  : Connected to target on host '127.0.0.1' and port '3121'.
12:21:59 INFO  : Jtag cable 'Xilinx TUL 1234-tulA' is selected.
12:21:59 INFO  : 'jtag frequency' command is executed.
12:21:59 INFO  : Context for 'APU' is selected.
12:21:59 INFO  : System reset is completed.
12:22:02 INFO  : 'after 3000' command is executed.
12:22:02 INFO  : 'targets -set -filter {jtag_cable_name =~ "Xilinx TUL 1234-tulA" && level==0 && jtag_device_ctx=="jsn-TUL-1234-tulA-23727093-0"}' command is executed.
12:22:05 INFO  : FPGA configured successfully with bitstream "D:/Xilinx/finalproject/workspace/finalproject/_ide/bitstream/HDMI_TOP.bit"
12:22:05 INFO  : Context for 'APU' is selected.
12:22:05 INFO  : Hardware design and registers information is loaded from 'D:/Xilinx/finalproject/workspace/HDMI_TOP/export/HDMI_TOP/hw/HDMI_TOP.xsa'.
12:22:05 INFO  : 'configparams force-mem-access 1' command is executed.
12:22:05 INFO  : Context for 'APU' is selected.
12:22:05 INFO  : Sourcing of 'D:/Xilinx/finalproject/workspace/finalproject/_ide/psinit/ps7_init.tcl' is done.
12:22:05 INFO  : 'ps7_init' command is executed.
12:22:05 INFO  : 'ps7_post_config' command is executed.
12:22:05 INFO  : Context for processor 'ps7_cortexa9_0' is selected.
12:22:05 INFO  : The application 'D:/Xilinx/finalproject/workspace/finalproject/Debug/finalproject.elf' is downloaded to processor 'ps7_cortexa9_0'.
12:22:05 INFO  : 'configparams force-mem-access 0' command is executed.
12:22:05 INFO  : ----------------XSDB Script----------------
connect -url tcp:127.0.0.1:3121
targets -set -nocase -filter {name =~"APU*"}
rst -system
after 3000
targets -set -filter {jtag_cable_name =~ "Xilinx TUL 1234-tulA" && level==0 && jtag_device_ctx=="jsn-TUL-1234-tulA-23727093-0"}
fpga -file D:/Xilinx/finalproject/workspace/finalproject/_ide/bitstream/HDMI_TOP.bit
targets -set -nocase -filter {name =~"APU*"}
loadhw -hw D:/Xilinx/finalproject/workspace/HDMI_TOP/export/HDMI_TOP/hw/HDMI_TOP.xsa -mem-ranges [list {0x40000000 0xbfffffff}] -regs
configparams force-mem-access 1
targets -set -nocase -filter {name =~"APU*"}
source D:/Xilinx/finalproject/workspace/finalproject/_ide/psinit/ps7_init.tcl
ps7_init
ps7_post_config
targets -set -nocase -filter {name =~ "*A9*#0"}
dow D:/Xilinx/finalproject/workspace/finalproject/Debug/finalproject.elf
configparams force-mem-access 0
----------------End of Script----------------

12:22:05 INFO  : Context for processor 'ps7_cortexa9_0' is selected.
12:22:05 INFO  : 'con' command is executed.
12:22:05 INFO  : ----------------XSDB Script (After Launch)----------------
targets -set -nocase -filter {name =~ "*A9*#0"}
con
----------------End of Script----------------

12:22:05 INFO  : Disconnected from the channel tcfchan#2.
12:22:44 INFO  : Connected to target on host '127.0.0.1' and port '3121'.
12:22:45 INFO  : Jtag cable 'Xilinx TUL 1234-tulA' is selected.
12:22:45 INFO  : 'jtag frequency' command is executed.
12:22:45 INFO  : Context for 'APU' is selected.
12:22:45 INFO  : System reset is completed.
12:22:48 INFO  : 'after 3000' command is executed.
12:22:48 INFO  : 'targets -set -filter {jtag_cable_name =~ "Xilinx TUL 1234-tulA" && level==0 && jtag_device_ctx=="jsn-TUL-1234-tulA-23727093-0"}' command is executed.
12:22:50 INFO  : FPGA configured successfully with bitstream "D:/Xilinx/finalproject/workspace/finalproject/_ide/bitstream/HDMI_TOP.bit"
12:22:50 INFO  : Context for 'APU' is selected.
12:22:50 INFO  : Hardware design and registers information is loaded from 'D:/Xilinx/finalproject/workspace/HDMI_TOP/export/HDMI_TOP/hw/HDMI_TOP.xsa'.
12:22:50 INFO  : 'configparams force-mem-access 1' command is executed.
12:22:50 INFO  : Context for 'APU' is selected.
12:22:50 INFO  : Sourcing of 'D:/Xilinx/finalproject/workspace/finalproject/_ide/psinit/ps7_init.tcl' is done.
12:22:50 INFO  : 'ps7_init' command is executed.
12:22:50 INFO  : 'ps7_post_config' command is executed.
12:22:50 INFO  : Context for processor 'ps7_cortexa9_0' is selected.
12:22:51 INFO  : The application 'D:/Xilinx/finalproject/workspace/finalproject/Debug/finalproject.elf' is downloaded to processor 'ps7_cortexa9_0'.
12:22:51 INFO  : 'configparams force-mem-access 0' command is executed.
12:22:51 INFO  : ----------------XSDB Script----------------
connect -url tcp:127.0.0.1:3121
targets -set -nocase -filter {name =~"APU*"}
rst -system
after 3000
targets -set -filter {jtag_cable_name =~ "Xilinx TUL 1234-tulA" && level==0 && jtag_device_ctx=="jsn-TUL-1234-tulA-23727093-0"}
fpga -file D:/Xilinx/finalproject/workspace/finalproject/_ide/bitstream/HDMI_TOP.bit
targets -set -nocase -filter {name =~"APU*"}
loadhw -hw D:/Xilinx/finalproject/workspace/HDMI_TOP/export/HDMI_TOP/hw/HDMI_TOP.xsa -mem-ranges [list {0x40000000 0xbfffffff}] -regs
configparams force-mem-access 1
targets -set -nocase -filter {name =~"APU*"}
source D:/Xilinx/finalproject/workspace/finalproject/_ide/psinit/ps7_init.tcl
ps7_init
ps7_post_config
targets -set -nocase -filter {name =~ "*A9*#0"}
dow D:/Xilinx/finalproject/workspace/finalproject/Debug/finalproject.elf
configparams force-mem-access 0
----------------End of Script----------------

12:22:51 INFO  : Context for processor 'ps7_cortexa9_0' is selected.
12:22:51 INFO  : 'con' command is executed.
12:22:51 INFO  : ----------------XSDB Script (After Launch)----------------
targets -set -nocase -filter {name =~ "*A9*#0"}
con
----------------End of Script----------------

12:22:51 INFO  : Disconnected from the channel tcfchan#3.
12:24:31 INFO  : Checking for BSP changes to sync application flags for project 'finalproject'...
12:24:40 INFO  : Connected to target on host '127.0.0.1' and port '3121'.
12:24:41 INFO  : Jtag cable 'Xilinx TUL 1234-tulA' is selected.
12:24:41 INFO  : 'jtag frequency' command is executed.
12:24:41 INFO  : Context for 'APU' is selected.
12:24:41 INFO  : System reset is completed.
12:24:44 INFO  : 'after 3000' command is executed.
12:24:44 INFO  : 'targets -set -filter {jtag_cable_name =~ "Xilinx TUL 1234-tulA" && level==0 && jtag_device_ctx=="jsn-TUL-1234-tulA-23727093-0"}' command is executed.
12:24:46 INFO  : FPGA configured successfully with bitstream "D:/Xilinx/finalproject/workspace/finalproject/_ide/bitstream/HDMI_TOP.bit"
12:24:46 INFO  : Context for 'APU' is selected.
12:24:46 INFO  : Hardware design and registers information is loaded from 'D:/Xilinx/finalproject/workspace/HDMI_TOP/export/HDMI_TOP/hw/HDMI_TOP.xsa'.
12:24:46 INFO  : 'configparams force-mem-access 1' command is executed.
12:24:46 INFO  : Context for 'APU' is selected.
12:24:46 INFO  : Sourcing of 'D:/Xilinx/finalproject/workspace/finalproject/_ide/psinit/ps7_init.tcl' is done.
12:24:46 INFO  : 'ps7_init' command is executed.
12:24:46 INFO  : 'ps7_post_config' command is executed.
12:24:46 INFO  : Context for processor 'ps7_cortexa9_0' is selected.
12:24:47 INFO  : The application 'D:/Xilinx/finalproject/workspace/finalproject/Debug/finalproject.elf' is downloaded to processor 'ps7_cortexa9_0'.
12:24:47 INFO  : 'configparams force-mem-access 0' command is executed.
12:24:47 INFO  : ----------------XSDB Script----------------
connect -url tcp:127.0.0.1:3121
targets -set -nocase -filter {name =~"APU*"}
rst -system
after 3000
targets -set -filter {jtag_cable_name =~ "Xilinx TUL 1234-tulA" && level==0 && jtag_device_ctx=="jsn-TUL-1234-tulA-23727093-0"}
fpga -file D:/Xilinx/finalproject/workspace/finalproject/_ide/bitstream/HDMI_TOP.bit
targets -set -nocase -filter {name =~"APU*"}
loadhw -hw D:/Xilinx/finalproject/workspace/HDMI_TOP/export/HDMI_TOP/hw/HDMI_TOP.xsa -mem-ranges [list {0x40000000 0xbfffffff}] -regs
configparams force-mem-access 1
targets -set -nocase -filter {name =~"APU*"}
source D:/Xilinx/finalproject/workspace/finalproject/_ide/psinit/ps7_init.tcl
ps7_init
ps7_post_config
targets -set -nocase -filter {name =~ "*A9*#0"}
dow D:/Xilinx/finalproject/workspace/finalproject/Debug/finalproject.elf
configparams force-mem-access 0
----------------End of Script----------------

12:24:47 INFO  : Context for processor 'ps7_cortexa9_0' is selected.
12:24:47 INFO  : 'con' command is executed.
12:24:47 INFO  : ----------------XSDB Script (After Launch)----------------
targets -set -nocase -filter {name =~ "*A9*#0"}
con
----------------End of Script----------------

12:24:47 INFO  : Disconnected from the channel tcfchan#4.
