12:54:57 INFO  : Launching XSCT server: xsct.bat -n  -interactive D:\Xilinx\finalproject_2\workspace\temp_xsdb_launch_script.tcl
12:54:57 INFO  : Registering command handlers for Vitis TCF services
12:54:58 INFO  : Platform repository initialization has completed.
12:54:59 INFO  : XSCT server has started successfully.
12:54:59 INFO  : plnx-install-location is set to ''
12:54:59 INFO  : Successfully done setting XSCT server connection channel  
12:54:59 INFO  : Successfully done setting workspace for the tool. 
12:54:59 INFO  : Successfully done query RDI_DATADIR 
12:55:33 INFO  : Result from executing command 'getProjects': design_1_wrapper
12:55:33 INFO  : Result from executing command 'getPlatforms': 
12:55:33 INFO  : Platform 'design_1_wrapper' is added to custom repositories.
12:55:38 INFO  : Platform 'design_1_wrapper' is added to custom repositories.
12:57:03 INFO  : Result from executing command 'getProjects': design_1_wrapper
12:57:03 INFO  : Result from executing command 'getPlatforms': design_1_wrapper|D:/Xilinx/finalproject_2/workspace/design_1_wrapper/export/design_1_wrapper/design_1_wrapper.xpfm
12:57:03 INFO  : Checking for BSP changes to sync application flags for project 'test_1'...
12:57:36 INFO  : Connected to target on host '127.0.0.1' and port '3121'.
12:57:37 INFO  : Jtag cable 'Xilinx TUL 1234-tulA' is selected.
12:57:37 INFO  : 'jtag frequency' command is executed.
12:57:37 INFO  : Context for 'APU' is selected.
12:57:37 INFO  : System reset is completed.
12:57:40 INFO  : 'after 3000' command is executed.
12:57:40 INFO  : 'targets -set -filter {jtag_cable_name =~ "Xilinx TUL 1234-tulA" && level==0 && jtag_device_ctx=="jsn-TUL-1234-tulA-23727093-0"}' command is executed.
12:57:42 INFO  : FPGA configured successfully with bitstream "D:/Xilinx/finalproject_2/workspace/test_1/_ide/bitstream/design_1_wrapper.bit"
12:57:42 INFO  : Context for 'APU' is selected.
12:57:42 INFO  : Hardware design and registers information is loaded from 'D:/Xilinx/finalproject_2/workspace/design_1_wrapper/export/design_1_wrapper/hw/design_1_wrapper.xsa'.
12:57:42 INFO  : 'configparams force-mem-access 1' command is executed.
12:57:42 INFO  : Context for 'APU' is selected.
12:57:42 INFO  : Sourcing of 'D:/Xilinx/finalproject_2/workspace/test_1/_ide/psinit/ps7_init.tcl' is done.
12:57:42 INFO  : 'ps7_init' command is executed.
12:57:42 INFO  : 'ps7_post_config' command is executed.
12:57:42 INFO  : Context for processor 'ps7_cortexa9_0' is selected.
12:57:43 INFO  : The application 'D:/Xilinx/finalproject_2/workspace/test_1/Debug/test_1.elf' is downloaded to processor 'ps7_cortexa9_0'.
12:57:43 INFO  : 'configparams force-mem-access 0' command is executed.
12:57:43 INFO  : ----------------XSDB Script----------------
connect -url tcp:127.0.0.1:3121
targets -set -nocase -filter {name =~"APU*"}
rst -system
after 3000
targets -set -filter {jtag_cable_name =~ "Xilinx TUL 1234-tulA" && level==0 && jtag_device_ctx=="jsn-TUL-1234-tulA-23727093-0"}
fpga -file D:/Xilinx/finalproject_2/workspace/test_1/_ide/bitstream/design_1_wrapper.bit
targets -set -nocase -filter {name =~"APU*"}
loadhw -hw D:/Xilinx/finalproject_2/workspace/design_1_wrapper/export/design_1_wrapper/hw/design_1_wrapper.xsa -mem-ranges [list {0x40000000 0xbfffffff}] -regs
configparams force-mem-access 1
targets -set -nocase -filter {name =~"APU*"}
source D:/Xilinx/finalproject_2/workspace/test_1/_ide/psinit/ps7_init.tcl
ps7_init
ps7_post_config
targets -set -nocase -filter {name =~ "*A9*#0"}
dow D:/Xilinx/finalproject_2/workspace/test_1/Debug/test_1.elf
configparams force-mem-access 0
----------------End of Script----------------

12:57:43 INFO  : Context for processor 'ps7_cortexa9_0' is selected.
12:57:43 INFO  : 'con' command is executed.
12:57:43 INFO  : ----------------XSDB Script (After Launch)----------------
targets -set -nocase -filter {name =~ "*A9*#0"}
con
----------------End of Script----------------

12:57:43 INFO  : Disconnected from the channel tcfchan#2.
