22:21:39 INFO  : Launching XSCT server: xsct.bat -n  -interactive D:\Xilinx\week11\workspace3\temp_xsdb_launch_script.tcl
22:21:39 INFO  : Registering command handlers for Vitis TCF services
22:21:40 INFO  : Platform repository initialization has completed.
22:21:41 INFO  : XSCT server has started successfully.
22:21:41 INFO  : plnx-install-location is set to ''
22:21:41 INFO  : Successfully done setting XSCT server connection channel  
22:21:41 INFO  : Successfully done query RDI_DATADIR 
22:21:41 INFO  : Successfully done setting workspace for the tool. 
22:22:04 INFO  : Result from executing command 'getProjects': design_1_wrapper
22:22:04 INFO  : Result from executing command 'getPlatforms': 
22:22:04 INFO  : Platform 'design_1_wrapper' is added to custom repositories.
22:22:09 INFO  : Platform 'design_1_wrapper' is added to custom repositories.
22:23:32 INFO  : Result from executing command 'getProjects': design_1_wrapper
22:23:32 INFO  : Result from executing command 'getPlatforms': design_1_wrapper|D:/Xilinx/week11/workspace3/design_1_wrapper/export/design_1_wrapper/design_1_wrapper.xpfm
22:23:32 INFO  : Checking for BSP changes to sync application flags for project 'week113'...
22:23:58 INFO  : Connected to target on host '127.0.0.1' and port '3121'.
22:23:58 INFO  : Jtag cable 'Xilinx TUL 1234-tulA' is selected.
22:23:58 INFO  : 'jtag frequency' command is executed.
22:23:58 INFO  : Context for 'APU' is selected.
22:23:58 INFO  : System reset is completed.
22:24:01 INFO  : 'after 3000' command is executed.
22:24:01 INFO  : 'targets -set -filter {jtag_cable_name =~ "Xilinx TUL 1234-tulA" && level==0 && jtag_device_ctx=="jsn-TUL-1234-tulA-23727093-0"}' command is executed.
22:24:04 INFO  : FPGA configured successfully with bitstream "D:/Xilinx/week11/workspace3/week113/_ide/bitstream/design_1_wrapper.bit"
22:24:04 INFO  : Context for 'APU' is selected.
22:24:04 INFO  : Hardware design and registers information is loaded from 'D:/Xilinx/week11/workspace3/design_1_wrapper/export/design_1_wrapper/hw/design_1_wrapper.xsa'.
22:24:04 INFO  : 'configparams force-mem-access 1' command is executed.
22:24:04 INFO  : Context for 'APU' is selected.
22:24:04 INFO  : Sourcing of 'D:/Xilinx/week11/workspace3/week113/_ide/psinit/ps7_init.tcl' is done.
22:24:04 INFO  : 'ps7_init' command is executed.
22:24:04 INFO  : 'ps7_post_config' command is executed.
22:24:04 INFO  : Context for processor 'ps7_cortexa9_0' is selected.
22:24:04 INFO  : The application 'D:/Xilinx/week11/workspace3/week113/Debug/week113.elf' is downloaded to processor 'ps7_cortexa9_0'.
22:24:04 INFO  : 'configparams force-mem-access 0' command is executed.
22:24:04 INFO  : ----------------XSDB Script----------------
connect -url tcp:127.0.0.1:3121
targets -set -nocase -filter {name =~"APU*"}
rst -system
after 3000
targets -set -filter {jtag_cable_name =~ "Xilinx TUL 1234-tulA" && level==0 && jtag_device_ctx=="jsn-TUL-1234-tulA-23727093-0"}
fpga -file D:/Xilinx/week11/workspace3/week113/_ide/bitstream/design_1_wrapper.bit
targets -set -nocase -filter {name =~"APU*"}
loadhw -hw D:/Xilinx/week11/workspace3/design_1_wrapper/export/design_1_wrapper/hw/design_1_wrapper.xsa -mem-ranges [list {0x40000000 0xbfffffff}] -regs
configparams force-mem-access 1
targets -set -nocase -filter {name =~"APU*"}
source D:/Xilinx/week11/workspace3/week113/_ide/psinit/ps7_init.tcl
ps7_init
ps7_post_config
targets -set -nocase -filter {name =~ "*A9*#0"}
dow D:/Xilinx/week11/workspace3/week113/Debug/week113.elf
configparams force-mem-access 0
----------------End of Script----------------

22:24:04 INFO  : Context for processor 'ps7_cortexa9_0' is selected.
22:24:04 INFO  : 'con' command is executed.
22:24:04 INFO  : ----------------XSDB Script (After Launch)----------------
targets -set -nocase -filter {name =~ "*A9*#0"}
con
----------------End of Script----------------

22:24:04 INFO  : Disconnected from the channel tcfchan#2.
