22:14:27 INFO  : Registering command handlers for Vitis TCF services
22:14:27 INFO  : Launching XSCT server: xsct.bat -n  -interactive D:\Xilinx\week11\workspace2\temp_xsdb_launch_script.tcl
22:14:29 INFO  : Platform repository initialization has completed.
22:14:29 INFO  : XSCT server has started successfully.
22:14:29 INFO  : Successfully done setting XSCT server connection channel  
22:14:30 INFO  : plnx-install-location is set to ''
22:14:30 INFO  : Successfully done setting workspace for the tool. 
22:14:30 INFO  : Successfully done query RDI_DATADIR 
22:15:01 INFO  : Result from executing command 'getProjects': design_1_wrapper2
22:15:01 INFO  : Result from executing command 'getPlatforms': 
22:15:01 INFO  : Platform 'design_1_wrapper2' is added to custom repositories.
22:15:06 INFO  : Platform 'design_1_wrapper2' is added to custom repositories.
22:17:06 INFO  : Result from executing command 'getProjects': design_1_wrapper2
22:17:06 INFO  : Result from executing command 'getPlatforms': design_1_wrapper2|D:/Xilinx/week11/workspace2/design_1_wrapper2/export/design_1_wrapper2/design_1_wrapper2.xpfm
22:17:06 INFO  : Checking for BSP changes to sync application flags for project 'week112'...
22:17:28 INFO  : Connected to target on host '127.0.0.1' and port '3121'.
22:17:29 INFO  : Jtag cable 'Xilinx TUL 1234-tulA' is selected.
22:17:29 INFO  : 'jtag frequency' command is executed.
22:17:29 INFO  : Context for 'APU' is selected.
22:17:29 INFO  : System reset is completed.
22:17:32 INFO  : 'after 3000' command is executed.
22:17:32 INFO  : 'targets -set -filter {jtag_cable_name =~ "Xilinx TUL 1234-tulA" && level==0 && jtag_device_ctx=="jsn-TUL-1234-tulA-23727093-0"}' command is executed.
22:17:34 INFO  : FPGA configured successfully with bitstream "D:/Xilinx/week11/workspace2/week112/_ide/bitstream/design_1_wrapper2.bit"
22:17:34 INFO  : Context for 'APU' is selected.
22:17:34 INFO  : Hardware design and registers information is loaded from 'D:/Xilinx/week11/workspace2/design_1_wrapper2/export/design_1_wrapper2/hw/design_1_wrapper2.xsa'.
22:17:34 INFO  : 'configparams force-mem-access 1' command is executed.
22:17:34 INFO  : Context for 'APU' is selected.
22:17:34 INFO  : Sourcing of 'D:/Xilinx/week11/workspace2/week112/_ide/psinit/ps7_init.tcl' is done.
22:17:35 INFO  : 'ps7_init' command is executed.
22:17:35 INFO  : 'ps7_post_config' command is executed.
22:17:35 INFO  : Context for processor 'ps7_cortexa9_0' is selected.
22:17:35 INFO  : The application 'D:/Xilinx/week11/workspace2/week112/Debug/week112.elf' is downloaded to processor 'ps7_cortexa9_0'.
22:17:35 INFO  : 'configparams force-mem-access 0' command is executed.
22:17:35 INFO  : ----------------XSDB Script----------------
connect -url tcp:127.0.0.1:3121
targets -set -nocase -filter {name =~"APU*"}
rst -system
after 3000
targets -set -filter {jtag_cable_name =~ "Xilinx TUL 1234-tulA" && level==0 && jtag_device_ctx=="jsn-TUL-1234-tulA-23727093-0"}
fpga -file D:/Xilinx/week11/workspace2/week112/_ide/bitstream/design_1_wrapper2.bit
targets -set -nocase -filter {name =~"APU*"}
loadhw -hw D:/Xilinx/week11/workspace2/design_1_wrapper2/export/design_1_wrapper2/hw/design_1_wrapper2.xsa -mem-ranges [list {0x40000000 0xbfffffff}] -regs
configparams force-mem-access 1
targets -set -nocase -filter {name =~"APU*"}
source D:/Xilinx/week11/workspace2/week112/_ide/psinit/ps7_init.tcl
ps7_init
ps7_post_config
targets -set -nocase -filter {name =~ "*A9*#0"}
dow D:/Xilinx/week11/workspace2/week112/Debug/week112.elf
configparams force-mem-access 0
----------------End of Script----------------

22:17:35 INFO  : Context for processor 'ps7_cortexa9_0' is selected.
22:17:35 INFO  : 'con' command is executed.
22:17:35 INFO  : ----------------XSDB Script (After Launch)----------------
targets -set -nocase -filter {name =~ "*A9*#0"}
con
----------------End of Script----------------

22:17:35 INFO  : Disconnected from the channel tcfchan#2.
