
*** Running vivado
    with args -log design_1_axi_ahblite_bridge_0_0.vds -m64 -product Vivado -mode batch -messageDb vivado.pb -notrace -source design_1_axi_ahblite_bridge_0_0.tcl



****** Vivado v2020.1 (64-bit)
  **** SW Build 2902540 on Wed May 27 19:54:49 MDT 2020
  **** IP Build 2902112 on Wed May 27 22:43:36 MDT 2020
    ** Copyright 1986-2020 Xilinx, Inc. All Rights Reserved.

source design_1_axi_ahblite_bridge_0_0.tcl -notrace
Command: synth_design -top design_1_axi_ahblite_bridge_0_0 -part xc7z020clg400-1 -mode out_of_context
Starting synth_design
Attempting to get a license for feature 'Synthesis' and/or device 'xc7z020'
INFO: [Common 17-349] Got license for feature 'Synthesis' and/or device 'xc7z020'
INFO: [Device 21-403] Loading part xc7z020clg400-1
INFO: [Synth 8-7079] Multithreading enabled for synth_design using a maximum of 2 processes.
INFO: [Synth 8-7078] Launching helper process for spawning children vivado processes
INFO: [Synth 8-7075] Helper process launched with PID 1340
---------------------------------------------------------------------------------
Starting RTL Elaboration : Time (s): cpu = 00:00:02 ; elapsed = 00:00:03 . Memory (MB): peak = 1062.488 ; gain = 0.000
---------------------------------------------------------------------------------
INFO: [Synth 8-638] synthesizing module 'design_1_axi_ahblite_bridge_0_0' [d:/Xilinx/week9_3/week9_3.srcs/sources_1/bd/design_1/ip/design_1_axi_ahblite_bridge_0_0/synth/design_1_axi_ahblite_bridge_0_0.vhd:108]
	Parameter C_FAMILY bound to: zynq - type: string 
	Parameter C_INSTANCE bound to: design_1_axi_ahblite_bridge_0_0 - type: string 
	Parameter C_S_AXI_ADDR_WIDTH bound to: 32 - type: integer 
	Parameter C_S_AXI_DATA_WIDTH bound to: 32 - type: integer 
	Parameter C_S_AXI_SUPPORTS_NARROW_BURST bound to: 0 - type: integer 
	Parameter C_S_AXI_ID_WIDTH bound to: 1 - type: integer 
	Parameter C_M_AHB_ADDR_WIDTH bound to: 32 - type: integer 
	Parameter C_M_AHB_DATA_WIDTH bound to: 32 - type: integer 
	Parameter C_DPHASE_TIMEOUT bound to: 0 - type: integer 
INFO: [Synth 8-3491] module 'axi_ahblite_bridge' declared at 'd:/Xilinx/week9_3/week9_3.srcs/sources_1/bd/design_1/ipshared/70c8/hdl/axi_ahblite_bridge_v3_0_vh_rfs.vhd:3634' bound to instance 'U0' of component 'axi_ahblite_bridge' [d:/Xilinx/week9_3/week9_3.srcs/sources_1/bd/design_1/ip/design_1_axi_ahblite_bridge_0_0/synth/design_1_axi_ahblite_bridge_0_0.vhd:231]
INFO: [Synth 8-638] synthesizing module 'axi_ahblite_bridge' [d:/Xilinx/week9_3/week9_3.srcs/sources_1/bd/design_1/ipshared/70c8/hdl/axi_ahblite_bridge_v3_0_vh_rfs.vhd:3729]
	Parameter C_FAMILY bound to: zynq - type: string 
	Parameter C_INSTANCE bound to: design_1_axi_ahblite_bridge_0_0 - type: string 
	Parameter C_S_AXI_ADDR_WIDTH bound to: 32 - type: integer 
	Parameter C_S_AXI_DATA_WIDTH bound to: 32 - type: integer 
	Parameter C_S_AXI_SUPPORTS_NARROW_BURST bound to: 0 - type: integer 
	Parameter C_S_AXI_ID_WIDTH bound to: 1 - type: integer 
	Parameter C_M_AHB_ADDR_WIDTH bound to: 32 - type: integer 
	Parameter C_M_AHB_DATA_WIDTH bound to: 32 - type: integer 
	Parameter C_DPHASE_TIMEOUT bound to: 0 - type: integer 
INFO: [Synth 8-638] synthesizing module 'ahb_skid_buf' [d:/Xilinx/week9_3/week9_3.srcs/sources_1/bd/design_1/ipshared/70c8/hdl/axi_ahblite_bridge_v3_0_vh_rfs.vhd:535]
	Parameter C_WDATA_WIDTH bound to: 32 - type: integer 
	Parameter C_S_AXI_ID_WIDTH bound to: 1 - type: integer 
	Parameter C_TUSER_WIDTH bound to: 1 - type: integer 
INFO: [Synth 8-256] done synthesizing module 'ahb_skid_buf' (1#1) [d:/Xilinx/week9_3/week9_3.srcs/sources_1/bd/design_1/ipshared/70c8/hdl/axi_ahblite_bridge_v3_0_vh_rfs.vhd:535]
INFO: [Synth 8-638] synthesizing module 'axi_slv_if' [d:/Xilinx/week9_3/week9_3.srcs/sources_1/bd/design_1/ipshared/70c8/hdl/axi_ahblite_bridge_v3_0_vh_rfs.vhd:1178]
	Parameter C_FAMILY bound to: zynq - type: string 
	Parameter C_S_AXI_ID_WIDTH bound to: 1 - type: integer 
	Parameter C_S_AXI_ADDR_WIDTH bound to: 32 - type: integer 
	Parameter C_S_AXI_DATA_WIDTH bound to: 32 - type: integer 
	Parameter C_DPHASE_TIMEOUT bound to: 0 - type: integer 
INFO: [Synth 8-256] done synthesizing module 'axi_slv_if' (2#1) [d:/Xilinx/week9_3/week9_3.srcs/sources_1/bd/design_1/ipshared/70c8/hdl/axi_ahblite_bridge_v3_0_vh_rfs.vhd:1178]
INFO: [Synth 8-638] synthesizing module 'ahb_mstr_if' [d:/Xilinx/week9_3/week9_3.srcs/sources_1/bd/design_1/ipshared/70c8/hdl/axi_ahblite_bridge_v3_0_vh_rfs.vhd:2220]
	Parameter C_M_AHB_ADDR_WIDTH bound to: 32 - type: integer 
	Parameter C_M_AHB_DATA_WIDTH bound to: 32 - type: integer 
	Parameter C_S_AXI_DATA_WIDTH bound to: 32 - type: integer 
	Parameter C_S_AXI_SUPPORTS_NARROW_BURST bound to: 0 - type: integer 
INFO: [Synth 8-256] done synthesizing module 'ahb_mstr_if' (3#1) [d:/Xilinx/week9_3/week9_3.srcs/sources_1/bd/design_1/ipshared/70c8/hdl/axi_ahblite_bridge_v3_0_vh_rfs.vhd:2220]
INFO: [Synth 8-638] synthesizing module 'time_out' [d:/Xilinx/week9_3/week9_3.srcs/sources_1/bd/design_1/ipshared/70c8/hdl/axi_ahblite_bridge_v3_0_vh_rfs.vhd:314]
	Parameter C_FAMILY bound to: zynq - type: string 
	Parameter C_DPHASE_TIMEOUT bound to: 0 - type: integer 
INFO: [Synth 8-256] done synthesizing module 'time_out' (4#1) [d:/Xilinx/week9_3/week9_3.srcs/sources_1/bd/design_1/ipshared/70c8/hdl/axi_ahblite_bridge_v3_0_vh_rfs.vhd:314]
INFO: [Synth 8-256] done synthesizing module 'axi_ahblite_bridge' (5#1) [d:/Xilinx/week9_3/week9_3.srcs/sources_1/bd/design_1/ipshared/70c8/hdl/axi_ahblite_bridge_v3_0_vh_rfs.vhd:3729]
INFO: [Synth 8-256] done synthesizing module 'design_1_axi_ahblite_bridge_0_0' (6#1) [d:/Xilinx/week9_3/week9_3.srcs/sources_1/bd/design_1/ip/design_1_axi_ahblite_bridge_0_0/synth/design_1_axi_ahblite_bridge_0_0.vhd:108]
---------------------------------------------------------------------------------
Finished RTL Elaboration : Time (s): cpu = 00:00:03 ; elapsed = 00:00:04 . Memory (MB): peak = 1062.488 ; gain = 0.000
---------------------------------------------------------------------------------
---------------------------------------------------------------------------------
Start Handling Custom Attributes
---------------------------------------------------------------------------------
---------------------------------------------------------------------------------
Finished Handling Custom Attributes : Time (s): cpu = 00:00:04 ; elapsed = 00:00:04 . Memory (MB): peak = 1062.488 ; gain = 0.000
---------------------------------------------------------------------------------
---------------------------------------------------------------------------------
Finished RTL Optimization Phase 1 : Time (s): cpu = 00:00:04 ; elapsed = 00:00:04 . Memory (MB): peak = 1062.488 ; gain = 0.000
---------------------------------------------------------------------------------
Netlist sorting complete. Time (s): cpu = 00:00:00 ; elapsed = 00:00:00.017 . Memory (MB): peak = 1062.488 ; gain = 0.000
INFO: [Project 1-570] Preparing netlist for logic optimization

Processing XDC Constraints
Initializing timing engine
Parsing XDC File [d:/Xilinx/week9_3/week9_3.srcs/sources_1/bd/design_1/ip/design_1_axi_ahblite_bridge_0_0/design_1_axi_ahblite_bridge_0_0_ooc.xdc] for cell 'U0'
Finished Parsing XDC File [d:/Xilinx/week9_3/week9_3.srcs/sources_1/bd/design_1/ip/design_1_axi_ahblite_bridge_0_0/design_1_axi_ahblite_bridge_0_0_ooc.xdc] for cell 'U0'
Parsing XDC File [D:/Xilinx/week9_3/week9_3.runs/design_1_axi_ahblite_bridge_0_0_synth_1/dont_touch.xdc]
Finished Parsing XDC File [D:/Xilinx/week9_3/week9_3.runs/design_1_axi_ahblite_bridge_0_0_synth_1/dont_touch.xdc]
Completed Processing XDC Constraints

Netlist sorting complete. Time (s): cpu = 00:00:00 ; elapsed = 00:00:00 . Memory (MB): peak = 1170.836 ; gain = 0.000
INFO: [Project 1-111] Unisim Transformation Summary:
No Unisim elements were transformed.

Constraint Validation Runtime : Time (s): cpu = 00:00:00 ; elapsed = 00:00:00.019 . Memory (MB): peak = 1178.176 ; gain = 7.340
---------------------------------------------------------------------------------
Finished Constraint Validation : Time (s): cpu = 00:00:07 ; elapsed = 00:00:08 . Memory (MB): peak = 1178.176 ; gain = 115.688
---------------------------------------------------------------------------------
---------------------------------------------------------------------------------
Start Loading Part and Timing Information
---------------------------------------------------------------------------------
Loading part: xc7z020clg400-1
---------------------------------------------------------------------------------
Finished Loading Part and Timing Information : Time (s): cpu = 00:00:07 ; elapsed = 00:00:08 . Memory (MB): peak = 1178.176 ; gain = 115.688
---------------------------------------------------------------------------------
---------------------------------------------------------------------------------
Start Applying 'set_property' XDC Constraints
---------------------------------------------------------------------------------
Applied set_property DONT_TOUCH = true for U0. (constraint file  D:/Xilinx/week9_3/week9_3.runs/design_1_axi_ahblite_bridge_0_0_synth_1/dont_touch.xdc, line 9).
---------------------------------------------------------------------------------
Finished applying 'set_property' XDC Constraints : Time (s): cpu = 00:00:07 ; elapsed = 00:00:08 . Memory (MB): peak = 1178.176 ; gain = 115.688
---------------------------------------------------------------------------------
INFO: [Synth 8-802] inferred FSM for state register 'axi_write_cs_reg' in module 'axi_slv_if'
INFO: [Synth 8-802] inferred FSM for state register 'axi_read_cs_reg' in module 'axi_slv_if'
INFO: [Synth 8-802] inferred FSM for state register 'ahb_wr_rd_cs_reg' in module 'ahb_mstr_if'
---------------------------------------------------------------------------------------------------
                   State |                     New Encoding |                Previous Encoding 
---------------------------------------------------------------------------------------------------
             axi_rd_idle |                              000 |                              000
           axi_read_last |                              001 |                              001
             axi_reading |                              010 |                              010
                 rd_resp |                              011 |                              100
         axi_wait_rready |                              100 |                              011
---------------------------------------------------------------------------------------------------
INFO: [Synth 8-3354] encoded FSM with state register 'axi_read_cs_reg' using encoding 'sequential' in module 'axi_slv_if'
---------------------------------------------------------------------------------------------------
                   State |                     New Encoding |                Previous Encoding 
---------------------------------------------------------------------------------------------------
             axi_wr_idle |                              000 |                              000
        axi_wvalids_wait |                              001 |                              010
             axi_writing |                              010 |                              001
        axi_wr_resp_wait |                              011 |                              101
          axi_write_last |                              100 |                              100
             axi_wr_resp |                              101 |                              110
         axi_wvalid_wait |                              110 |                              011
---------------------------------------------------------------------------------------------------
INFO: [Synth 8-3354] encoded FSM with state register 'axi_write_cs_reg' using encoding 'sequential' in module 'axi_slv_if'
---------------------------------------------------------------------------------------------------
                   State |                     New Encoding |                Previous Encoding 
---------------------------------------------------------------------------------------------------
                ahb_idle |                             0000 |                             0000
             ahb_wr_addr |                             0001 |                             0110
           ahb_wr_single |                             0010 |                             0111
             ahb_wr_incr |                             0011 |                             1001
           ahb_last_wait |                             0100 |                             1101
          ahb_onekb_last |                             0101 |                             1100
                ahb_last |                             0110 |                             1110
           ahb_last_addr |                             0111 |                             1011
             ahb_wr_wait |                             1000 |                             1000
           ahb_incr_addr |                             1001 |                             1010
           ahb_rd_single |                             1010 |                             0010
             ahb_rd_addr |                             1011 |                             0001
             ahb_rd_last |                             1100 |                             0100
        ahb_rd_data_incr |                             1101 |                             0011
             ahb_rd_wait |                             1110 |                             0101
---------------------------------------------------------------------------------------------------
INFO: [Synth 8-3354] encoded FSM with state register 'ahb_wr_rd_cs_reg' using encoding 'sequential' in module 'ahb_mstr_if'
---------------------------------------------------------------------------------
Finished RTL Optimization Phase 2 : Time (s): cpu = 00:00:08 ; elapsed = 00:00:08 . Memory (MB): peak = 1178.176 ; gain = 115.688
---------------------------------------------------------------------------------
---------------------------------------------------------------------------------
Start RTL Component Statistics 
---------------------------------------------------------------------------------
Detailed RTL Component Info : 
+---Adders : 
	   2 Input   32 Bit       Adders := 1     
	   2 Input   12 Bit       Adders := 1     
	   2 Input    8 Bit       Adders := 1     
	   2 Input    6 Bit       Adders := 1     
	   2 Input    5 Bit       Adders := 1     
	   2 Input    4 Bit       Adders := 1     
	   2 Input    3 Bit       Adders := 1     
+---Registers : 
	               32 Bit    Registers := 7     
	                8 Bit    Registers := 2     
	                4 Bit    Registers := 5     
	                3 Bit    Registers := 4     
	                2 Bit    Registers := 4     
	                1 Bit    Registers := 39    
+---Muxes : 
	   2 Input   32 Bit        Muxes := 4     
	  15 Input   32 Bit        Muxes := 1     
	   7 Input   32 Bit        Muxes := 1     
	   2 Input   12 Bit        Muxes := 1     
	   4 Input   12 Bit        Muxes := 1     
	   2 Input    8 Bit        Muxes := 2     
	   2 Input    4 Bit        Muxes := 2     
	  27 Input    4 Bit        Muxes := 1     
	   3 Input    4 Bit        Muxes := 1     
	   5 Input    3 Bit        Muxes := 1     
	   2 Input    3 Bit        Muxes := 16    
	   7 Input    3 Bit        Muxes := 1     
	   4 Input    3 Bit        Muxes := 1     
	   2 Input    2 Bit        Muxes := 8     
	   5 Input    2 Bit        Muxes := 2     
	   2 Input    1 Bit        Muxes := 46    
	   5 Input    1 Bit        Muxes := 6     
	   7 Input    1 Bit        Muxes := 7     
	  15 Input    1 Bit        Muxes := 18    
---------------------------------------------------------------------------------
Finished RTL Component Statistics 
---------------------------------------------------------------------------------
---------------------------------------------------------------------------------
Start Part Resource Summary
---------------------------------------------------------------------------------
Part Resources:
DSPs: 220 (col length:60)
BRAMs: 280 (col length: RAMB18 60 RAMB36 30)
---------------------------------------------------------------------------------
Finished Part Resource Summary
---------------------------------------------------------------------------------
---------------------------------------------------------------------------------
Start Cross Boundary and Area Optimization
---------------------------------------------------------------------------------
---------------------------------------------------------------------------------
Finished Cross Boundary and Area Optimization : Time (s): cpu = 00:00:10 ; elapsed = 00:00:10 . Memory (MB): peak = 1178.176 ; gain = 115.688
---------------------------------------------------------------------------------
---------------------------------------------------------------------------------
Start Applying XDC Timing Constraints
---------------------------------------------------------------------------------
---------------------------------------------------------------------------------
Finished Applying XDC Timing Constraints : Time (s): cpu = 00:00:14 ; elapsed = 00:00:15 . Memory (MB): peak = 1178.176 ; gain = 115.688
---------------------------------------------------------------------------------
---------------------------------------------------------------------------------
Start Timing Optimization
---------------------------------------------------------------------------------
---------------------------------------------------------------------------------
Finished Timing Optimization : Time (s): cpu = 00:00:15 ; elapsed = 00:00:15 . Memory (MB): peak = 1178.176 ; gain = 115.688
---------------------------------------------------------------------------------
---------------------------------------------------------------------------------
Start Technology Mapping
---------------------------------------------------------------------------------
---------------------------------------------------------------------------------
Finished Technology Mapping : Time (s): cpu = 00:00:15 ; elapsed = 00:00:15 . Memory (MB): peak = 1179.641 ; gain = 117.152
---------------------------------------------------------------------------------
---------------------------------------------------------------------------------
Start IO Insertion
---------------------------------------------------------------------------------
---------------------------------------------------------------------------------
Start Flattening Before IO Insertion
---------------------------------------------------------------------------------
---------------------------------------------------------------------------------
Finished Flattening Before IO Insertion
---------------------------------------------------------------------------------
---------------------------------------------------------------------------------
Start Final Netlist Cleanup
---------------------------------------------------------------------------------
---------------------------------------------------------------------------------
Finished Final Netlist Cleanup
---------------------------------------------------------------------------------
---------------------------------------------------------------------------------
Finished IO Insertion : Time (s): cpu = 00:00:17 ; elapsed = 00:00:17 . Memory (MB): peak = 1183.387 ; gain = 120.898
---------------------------------------------------------------------------------
---------------------------------------------------------------------------------
Start Renaming Generated Instances
---------------------------------------------------------------------------------
---------------------------------------------------------------------------------
Finished Renaming Generated Instances : Time (s): cpu = 00:00:17 ; elapsed = 00:00:17 . Memory (MB): peak = 1183.387 ; gain = 120.898
---------------------------------------------------------------------------------
---------------------------------------------------------------------------------
Start Rebuilding User Hierarchy
---------------------------------------------------------------------------------
---------------------------------------------------------------------------------
Finished Rebuilding User Hierarchy : Time (s): cpu = 00:00:17 ; elapsed = 00:00:17 . Memory (MB): peak = 1183.387 ; gain = 120.898
---------------------------------------------------------------------------------
---------------------------------------------------------------------------------
Start Renaming Generated Ports
---------------------------------------------------------------------------------
---------------------------------------------------------------------------------
Finished Renaming Generated Ports : Time (s): cpu = 00:00:17 ; elapsed = 00:00:17 . Memory (MB): peak = 1183.387 ; gain = 120.898
---------------------------------------------------------------------------------
---------------------------------------------------------------------------------
Start Handling Custom Attributes
---------------------------------------------------------------------------------
---------------------------------------------------------------------------------
Finished Handling Custom Attributes : Time (s): cpu = 00:00:17 ; elapsed = 00:00:17 . Memory (MB): peak = 1183.387 ; gain = 120.898
---------------------------------------------------------------------------------
---------------------------------------------------------------------------------
Start Renaming Generated Nets
---------------------------------------------------------------------------------
---------------------------------------------------------------------------------
Finished Renaming Generated Nets : Time (s): cpu = 00:00:17 ; elapsed = 00:00:17 . Memory (MB): peak = 1183.387 ; gain = 120.898
---------------------------------------------------------------------------------
---------------------------------------------------------------------------------
Start Writing Synthesis Report
---------------------------------------------------------------------------------

Report BlackBoxes: 
+-+--------------+----------+
| |BlackBox name |Instances |
+-+--------------+----------+
+-+--------------+----------+

Report Cell Usage: 
+------+-------+------+
|      |Cell   |Count |
+------+-------+------+
|1     |CARRY4 |    13|
|2     |LUT1   |     2|
|3     |LUT2   |    33|
|4     |LUT3   |   102|
|5     |LUT4   |    32|
|6     |LUT5   |    38|
|7     |LUT6   |   141|
|8     |FDRE   |   305|
|9     |FDSE   |     2|
+------+-------+------+
---------------------------------------------------------------------------------
Finished Writing Synthesis Report : Time (s): cpu = 00:00:17 ; elapsed = 00:00:17 . Memory (MB): peak = 1183.387 ; gain = 120.898
---------------------------------------------------------------------------------
Synthesis finished with 0 errors, 0 critical warnings and 0 warnings.
Synthesis Optimization Runtime : Time (s): cpu = 00:00:12 ; elapsed = 00:00:16 . Memory (MB): peak = 1183.387 ; gain = 5.211
Synthesis Optimization Complete : Time (s): cpu = 00:00:17 ; elapsed = 00:00:17 . Memory (MB): peak = 1183.387 ; gain = 120.898
INFO: [Project 1-571] Translating synthesized netlist
Netlist sorting complete. Time (s): cpu = 00:00:00 ; elapsed = 00:00:00.014 . Memory (MB): peak = 1195.438 ; gain = 0.000
INFO: [Netlist 29-17] Analyzing 13 Unisim elements for replacement
INFO: [Netlist 29-28] Unisim Transformation completed in 0 CPU seconds
INFO: [Project 1-570] Preparing netlist for logic optimization
INFO: [Opt 31-138] Pushed 0 inverter(s) to 0 load pin(s).
Netlist sorting complete. Time (s): cpu = 00:00:00 ; elapsed = 00:00:00 . Memory (MB): peak = 1195.438 ; gain = 0.000
INFO: [Project 1-111] Unisim Transformation Summary:
No Unisim elements were transformed.

INFO: [Common 17-83] Releasing license: Synthesis
33 Infos, 0 Warnings, 0 Critical Warnings and 0 Errors encountered.
synth_design completed successfully
synth_design: Time (s): cpu = 00:00:20 ; elapsed = 00:00:22 . Memory (MB): peak = 1195.438 ; gain = 132.949
INFO: [Common 17-1381] The checkpoint 'D:/Xilinx/week9_3/week9_3.runs/design_1_axi_ahblite_bridge_0_0_synth_1/design_1_axi_ahblite_bridge_0_0.dcp' has been generated.
WARNING: [Common 17-576] 'use_project_ipc' is deprecated. This option is deprecated and no longer used.
INFO: [Coretcl 2-1648] Added synthesis output to IP cache for IP design_1_axi_ahblite_bridge_0_0, cache-ID = bfdd469c4bc0462d
INFO: [Coretcl 2-1174] Renamed 4 cell refs.
INFO: [Common 17-1381] The checkpoint 'D:/Xilinx/week9_3/week9_3.runs/design_1_axi_ahblite_bridge_0_0_synth_1/design_1_axi_ahblite_bridge_0_0.dcp' has been generated.
INFO: [runtcl-4] Executing : report_utilization -file design_1_axi_ahblite_bridge_0_0_utilization_synth.rpt -pb design_1_axi_ahblite_bridge_0_0_utilization_synth.pb
INFO: [Common 17-206] Exiting Vivado at Thu May  5 15:42:10 2022...
