Copyright 1986-2020 Xilinx, Inc. All Rights Reserved.
----------------------------------------------------------------------------------------------------------------------------------------------------------------------
| Tool Version     : Vivado v.2020.1 (win64) Build 2902540 Wed May 27 19:54:49 MDT 2020
| Date             : Sat Jun 18 22:01:15 2022
| Host             : DESKTOP-D4Q528Q running 64-bit major release  (build 9200)
| Command          : report_power -file design_1_wrapper_power_routed.rpt -pb design_1_wrapper_power_summary_routed.pb -rpx design_1_wrapper_power_routed.rpx
| Design           : design_1_wrapper
| Device           : xc7z020clg400-1
| Design State     : routed
| Grade            : commercial
| Process          : typical
| Characterization : Production
----------------------------------------------------------------------------------------------------------------------------------------------------------------------

Power Report

Table of Contents
-----------------
1. Summary
1.1 On-Chip Components
1.2 Power Supply Summary
1.3 Confidence Level
2. Settings
2.1 Environment
2.2 Clock Constraints
3. Detailed Reports
3.1 By Hierarchy

1. Summary
----------

+--------------------------+--------------+
| Total On-Chip Power (W)  | 1.681        |
| Design Power Budget (W)  | Unspecified* |
| Power Budget Margin (W)  | NA           |
| Dynamic (W)              | 1.537        |
| Device Static (W)        | 0.145        |
| Effective TJA (C/W)      | 11.5         |
| Max Ambient (C)          | 65.6         |
| Junction Temperature (C) | 44.4         |
| Confidence Level         | Low          |
| Setting File             | ---          |
| Simulation Activity File | ---          |
| Design Nets Matched      | NA           |
+--------------------------+--------------+
* Specify Design Power Budget using, set_operating_conditions -design_power_budget <value in Watts>


1.1 On-Chip Components
----------------------

+--------------------------+-----------+----------+-----------+-----------------+
| On-Chip                  | Power (W) | Used     | Available | Utilization (%) |
+--------------------------+-----------+----------+-----------+-----------------+
| Clocks                   |     0.013 |        7 |       --- |             --- |
| Slice Logic              |     0.014 |     6598 |       --- |             --- |
|   LUT as Logic           |     0.013 |     2672 |     53200 |            5.02 |
|   CARRY4                 |     0.001 |      416 |     13300 |            3.13 |
|   Register               |    <0.001 |     2162 |    106400 |            2.03 |
|   LUT as Distributed RAM |    <0.001 |       60 |     17400 |            0.34 |
|   F7/F8 Muxes            |    <0.001 |       16 |     53200 |            0.03 |
|   LUT as Shift Register  |    <0.001 |       62 |     17400 |            0.36 |
|   BUFG                   |    <0.001 |        1 |        32 |            3.13 |
|   Others                 |     0.000 |      358 |       --- |             --- |
| Signals                  |     0.012 |     3953 |       --- |             --- |
| Block RAM                |     0.002 |        3 |       140 |            2.14 |
| MMCM                     |     0.105 |        1 |         4 |           25.00 |
| I/O                      |     0.134 |       30 |       125 |           24.00 |
| PS7                      |     1.256 |        1 |       --- |             --- |
| Static Power             |     0.145 |          |           |                 |
| Total                    |     1.681 |          |           |                 |
+--------------------------+-----------+----------+-----------+-----------------+


1.2 Power Supply Summary
------------------------

+-----------+-------------+-----------+-------------+------------+-------------+-------------+------------+
| Source    | Voltage (V) | Total (A) | Dynamic (A) | Static (A) | Powerup (A) | Budget (A)  | Margin (A) |
+-----------+-------------+-----------+-------------+------------+-------------+-------------+------------+
| Vccint    |       1.000 |     0.059 |       0.044 |      0.015 |       NA    | Unspecified | NA         |
| Vccaux    |       1.800 |     0.073 |       0.058 |      0.015 |       NA    | Unspecified | NA         |
| Vcco33    |       3.300 |     0.041 |       0.040 |      0.001 |       NA    | Unspecified | NA         |
| Vcco25    |       2.500 |     0.000 |       0.000 |      0.000 |       NA    | Unspecified | NA         |
| Vcco18    |       1.800 |     0.000 |       0.000 |      0.000 |       NA    | Unspecified | NA         |
| Vcco15    |       1.500 |     0.000 |       0.000 |      0.000 |       NA    | Unspecified | NA         |
| Vcco135   |       1.350 |     0.000 |       0.000 |      0.000 |       NA    | Unspecified | NA         |
| Vcco12    |       1.200 |     0.000 |       0.000 |      0.000 |       NA    | Unspecified | NA         |
| Vccaux_io |       1.800 |     0.000 |       0.000 |      0.000 |       NA    | Unspecified | NA         |
| Vccbram   |       1.000 |     0.001 |       0.000 |      0.001 |       NA    | Unspecified | NA         |
| MGTAVcc   |       1.000 |     0.000 |       0.000 |      0.000 |       NA    | Unspecified | NA         |
| MGTAVtt   |       1.200 |     0.000 |       0.000 |      0.000 |       NA    | Unspecified | NA         |
| MGTVccaux |       1.800 |     0.000 |       0.000 |      0.000 |       NA    | Unspecified | NA         |
| Vccpint   |       1.000 |     0.677 |       0.647 |      0.030 |       NA    | Unspecified | NA         |
| Vccpaux   |       1.800 |     0.036 |       0.026 |      0.010 |       NA    | Unspecified | NA         |
| Vccpll    |       1.800 |     0.017 |       0.014 |      0.003 |       NA    | Unspecified | NA         |
| Vcco_ddr  |       1.500 |     0.354 |       0.352 |      0.002 |       NA    | Unspecified | NA         |
| Vcco_mio0 |       3.300 |     0.003 |       0.002 |      0.001 |       NA    | Unspecified | NA         |
| Vcco_mio1 |       1.800 |     0.003 |       0.002 |      0.001 |       NA    | Unspecified | NA         |
| Vccadc    |       1.800 |     0.020 |       0.000 |      0.020 |       NA    | Unspecified | NA         |
+-----------+-------------+-----------+-------------+------------+-------------+-------------+------------+


1.3 Confidence Level
--------------------

+-----------------------------+------------+--------------------------------------------------------+--------------------------------------------------------------------------------------------------------------------+
| User Input Data             | Confidence | Details                                                | Action                                                                                                             |
+-----------------------------+------------+--------------------------------------------------------+--------------------------------------------------------------------------------------------------------------------+
| Design implementation state | High       | Design is routed                                       |                                                                                                                    |
| Clock nodes activity        | Medium     | More than 5% of clocks are missing user specification  | Provide missing clock activity with a constraint file, simulation results or by editing the "By Clock Domain" view |
| I/O nodes activity          | Low        | More than 75% of inputs are missing user specification | Provide missing input activity with simulation results or by editing the "By Resource Type -> I/Os" view           |
| Internal nodes activity     | Medium     | User specified less than 25% of internal nodes         | Provide missing internal nodes activity with simulation results or by editing the "By Resource Type" views         |
| Device models               | High       | Device models are Production                           |                                                                                                                    |
|                             |            |                                                        |                                                                                                                    |
| Overall confidence level    | Low        |                                                        |                                                                                                                    |
+-----------------------------+------------+--------------------------------------------------------+--------------------------------------------------------------------------------------------------------------------+


2. Settings
-----------

2.1 Environment
---------------

+-----------------------+------------------------+
| Ambient Temp (C)      | 25.0                   |
| ThetaJA (C/W)         | 11.5                   |
| Airflow (LFM)         | 250                    |
| Heat Sink             | none                   |
| ThetaSA (C/W)         | 0.0                    |
| Board Selection       | medium (10"x10")       |
| # of Board Layers     | 8to11 (8 to 11 Layers) |
| Board Temperature (C) | 25.0                   |
+-----------------------+------------------------+


2.2 Clock Constraints
---------------------

+-------------+-------------------------------------------------------------+-----------------+
| Clock       | Domain                                                      | Constraint (ns) |
+-------------+-------------------------------------------------------------+-----------------+
| clk_1x_pre  | HDMI_TOP_i/display_clocks_inst/clk_1x_pre                   |            13.5 |
| clk_5x_pre  | HDMI_TOP_i/display_clocks_inst/clk_5x_pre                   |             2.7 |
| clk_fb      | HDMI_TOP_i/display_clocks_inst/clk_fb                       |            50.0 |
| clk_fpga_0  | design_1_i/processing_system7_0/inst/FCLK_CLK_unbuffered[0] |            10.0 |
| sys_clk_pin | CLK                                                         |            10.0 |
+-------------+-------------------------------------------------------------+-----------------+


3. Detailed Reports
-------------------

3.1 By Hierarchy
----------------

+--------------------------+-----------+
| Name                     | Power (W) |
+--------------------------+-----------+
| design_1_wrapper         |     1.537 |
|   HDMI_TOP_i             |     0.262 |
|     HDMI_out             |     0.003 |
|     display_clocks_inst  |     0.105 |
|     display_timings_inst |     0.008 |
|     gfx_inst             |     0.012 |
|       enemy1             |     0.002 |
|       enemy2             |     0.002 |
|       enemy3             |     0.002 |
|       enemy_projectile_1 |     0.001 |
|       enemy_projectile_2 |     0.001 |
|       enemy_projectile_3 |     0.001 |
|       pro_1              |     0.001 |
|   design_1_i             |     1.273 |
|     axi_fifo_mm_s_0      |     0.004 |
|       U0                 |     0.004 |
|     axi_fifo_mm_s_1      |     0.006 |
|       U0                 |     0.006 |
|     axi_interconnect_0   |     0.005 |
|       s00_couplers       |     0.004 |
|       xbar               |     0.001 |
|     processing_system7_0 |     1.257 |
|       inst               |     1.257 |
+--------------------------+-----------+


