TRACE::2022-05-15.23:17:34::SCWBifWriter::Found the complete platform D:/Xilinx/week9/workspace/audio_1/export/audio_1/audio_1.xpfm
TRACE::2022-05-15.23:17:34::SCWBifWriter::hardware databse : design_1_wrapper_0
TRACE::2022-05-15.23:17:34::SCWBifWriter::bitstream found in the design
TRACE::2022-05-15.23:17:34::SCWBifWriter::Found a baremetal domain, proc: ps7_cortexa9_0
TRACE::2022-05-15.23:17:34::SCWBifWriter::proc type : 
TRACE::2022-05-15.23:17:34::SCWBifWriter::proc[0] : ps7_cortexa9_0
TRACE::2022-05-15.23:17:34::SCWBifWriter::Device type is : zynq
TRACE::2022-05-15.23:17:34::SCWBifWriter::Writing BIF to file : D:/Xilinx/week9/workspace/week9_system/Debug/system.bif
TRACE::2022-05-15.23:17:34::SCWBifWriter::Writing the Zynq Baremetal bif 
TRACE::2022-05-15.23:19:28::SCWBifWriter::Found the complete platform D:/Xilinx/week9/workspace/audio_1/export/audio_1/audio_1.xpfm
TRACE::2022-05-15.23:19:28::SCWBifWriter::hardware databse : design_1_wrapper_0
TRACE::2022-05-15.23:19:28::SCWBifWriter::bitstream found in the design
TRACE::2022-05-15.23:19:28::SCWBifWriter::Found a baremetal domain, proc: ps7_cortexa9_0
TRACE::2022-05-15.23:19:28::SCWBifWriter::proc type : 
TRACE::2022-05-15.23:19:28::SCWBifWriter::proc[0] : ps7_cortexa9_0
TRACE::2022-05-15.23:19:28::SCWBifWriter::Device type is : zynq
TRACE::2022-05-15.23:19:28::SCWBifWriter::Writing BIF to file : D:/Xilinx/week9/workspace/week9_system/Debug/system.bif
TRACE::2022-05-15.23:19:28::SCWBifWriter::Writing the Zynq Baremetal bif 
TRACE::2022-05-15.23:19:38::SCWBifWriter::Found the complete platform D:/Xilinx/week9/workspace/audio_1/export/audio_1/audio_1.xpfm
TRACE::2022-05-15.23:19:38::SCWBifWriter::hardware databse : design_1_wrapper_0
TRACE::2022-05-15.23:19:38::SCWBifWriter::bitstream found in the design
TRACE::2022-05-15.23:19:38::SCWBifWriter::Found a baremetal domain, proc: ps7_cortexa9_0
TRACE::2022-05-15.23:19:38::SCWBifWriter::proc type : 
TRACE::2022-05-15.23:19:38::SCWBifWriter::proc[0] : ps7_cortexa9_0
TRACE::2022-05-15.23:19:38::SCWBifWriter::Device type is : zynq
TRACE::2022-05-15.23:19:38::SCWBifWriter::Writing BIF to file : D:/Xilinx/week9/workspace/week9_system/Debug/system.bif
TRACE::2022-05-15.23:19:38::SCWBifWriter::Writing the Zynq Baremetal bif 
TRACE::2022-05-15.23:23:33::SCWBifWriter::Found the complete platform D:/Xilinx/week9/workspace/audio_1/export/audio_1/audio_1.xpfm
TRACE::2022-05-15.23:23:33::SCWBifWriter::hardware databse : design_1_wrapper_0
TRACE::2022-05-15.23:23:33::SCWBifWriter::bitstream found in the design
TRACE::2022-05-15.23:23:33::SCWBifWriter::Found a baremetal domain, proc: ps7_cortexa9_0
TRACE::2022-05-15.23:23:33::SCWBifWriter::proc type : 
TRACE::2022-05-15.23:23:33::SCWBifWriter::proc[0] : ps7_cortexa9_0
TRACE::2022-05-15.23:23:33::SCWBifWriter::Device type is : zynq
TRACE::2022-05-15.23:23:33::SCWBifWriter::Writing BIF to file : D:/Xilinx/week9/workspace/week9_system/Debug/system.bif
TRACE::2022-05-15.23:23:33::SCWBifWriter::Writing the Zynq Baremetal bif 
