17:52:00 INFO  : Registering command handlers for Vitis TCF services
17:52:00 INFO  : Launching XSCT server: xsct.bat -n  -interactive D:\Xilinx\temp\week9_3\workspace2\temp_xsdb_launch_script.tcl
17:52:01 INFO  : Platform repository initialization has completed.
17:52:02 INFO  : XSCT server has started successfully.
17:52:02 INFO  : Successfully done setting XSCT server connection channel  
17:52:02 INFO  : plnx-install-location is set to ''
17:52:02 INFO  : Successfully done query RDI_DATADIR 
17:52:02 INFO  : Successfully done setting workspace for the tool. 
17:52:38 INFO  : Result from executing command 'getProjects': top2
17:52:38 INFO  : Result from executing command 'getPlatforms': 
17:52:38 INFO  : Platform 'top2' is added to custom repositories.
17:52:43 INFO  : Platform 'top2' is added to custom repositories.
17:54:06 INFO  : Result from executing command 'getProjects': top2
17:54:06 INFO  : Result from executing command 'getPlatforms': top2|D:/Xilinx/temp/week9_3/workspace2/top2/export/top2/top2.xpfm
17:54:06 INFO  : Checking for BSP changes to sync application flags for project 'ambatest'...
17:54:44 INFO  : Connected to target on host '127.0.0.1' and port '3121'.
17:54:45 INFO  : Jtag cable 'Xilinx TUL 1234-tulA' is selected.
17:54:45 INFO  : 'jtag frequency' command is executed.
17:54:45 INFO  : Context for 'APU' is selected.
17:54:45 INFO  : System reset is completed.
17:54:48 INFO  : 'after 3000' command is executed.
17:54:48 INFO  : 'targets -set -filter {jtag_cable_name =~ "Xilinx TUL 1234-tulA" && level==0 && jtag_device_ctx=="jsn-TUL-1234-tulA-23727093-0"}' command is executed.
17:54:50 INFO  : FPGA configured successfully with bitstream "D:/Xilinx/temp/week9_3/workspace2/ambatest/_ide/bitstream/top2.bit"
17:54:50 INFO  : Context for 'APU' is selected.
17:54:50 INFO  : Hardware design and registers information is loaded from 'D:/Xilinx/temp/week9_3/workspace2/top2/export/top2/hw/top2.xsa'.
17:54:50 INFO  : 'configparams force-mem-access 1' command is executed.
17:54:50 INFO  : Context for 'APU' is selected.
17:54:50 INFO  : Sourcing of 'D:/Xilinx/temp/week9_3/workspace2/ambatest/_ide/psinit/ps7_init.tcl' is done.
17:54:51 INFO  : 'ps7_init' command is executed.
17:54:51 INFO  : 'ps7_post_config' command is executed.
17:54:51 INFO  : Context for processor 'ps7_cortexa9_0' is selected.
17:54:51 INFO  : The application 'D:/Xilinx/temp/week9_3/workspace2/ambatest/Debug/ambatest.elf' is downloaded to processor 'ps7_cortexa9_0'.
17:54:51 INFO  : 'configparams force-mem-access 0' command is executed.
17:54:51 INFO  : ----------------XSDB Script----------------
connect -url tcp:127.0.0.1:3121
targets -set -nocase -filter {name =~"APU*"}
rst -system
after 3000
targets -set -filter {jtag_cable_name =~ "Xilinx TUL 1234-tulA" && level==0 && jtag_device_ctx=="jsn-TUL-1234-tulA-23727093-0"}
fpga -file D:/Xilinx/temp/week9_3/workspace2/ambatest/_ide/bitstream/top2.bit
targets -set -nocase -filter {name =~"APU*"}
loadhw -hw D:/Xilinx/temp/week9_3/workspace2/top2/export/top2/hw/top2.xsa -mem-ranges [list {0x40000000 0xbfffffff}] -regs
configparams force-mem-access 1
targets -set -nocase -filter {name =~"APU*"}
source D:/Xilinx/temp/week9_3/workspace2/ambatest/_ide/psinit/ps7_init.tcl
ps7_init
ps7_post_config
targets -set -nocase -filter {name =~ "*A9*#0"}
dow D:/Xilinx/temp/week9_3/workspace2/ambatest/Debug/ambatest.elf
configparams force-mem-access 0
----------------End of Script----------------

17:54:51 INFO  : Context for processor 'ps7_cortexa9_0' is selected.
17:54:51 INFO  : 'con' command is executed.
17:54:51 INFO  : ----------------XSDB Script (After Launch)----------------
targets -set -nocase -filter {name =~ "*A9*#0"}
con
----------------End of Script----------------

17:54:51 INFO  : Launch script is exported to file 'D:\Xilinx\temp\week9_3\workspace2\.sdk\launch_scripts\single_application_debug\debugger_ambatest-default.tcl'
17:55:39 INFO  : Disconnected from the channel tcfchan#2.
