00:47:49 INFO  : Launching XSCT server: xsct.bat -n  -interactive D:\Xilinx\week9\workspace\temp_xsdb_launch_script.tcl
00:47:49 INFO  : Registering command handlers for Vitis TCF services
00:47:50 INFO  : Platform repository initialization has completed.
00:47:51 INFO  : XSCT server has started successfully.
00:47:51 INFO  : Successfully done setting XSCT server connection channel  
00:47:51 INFO  : plnx-install-location is set to ''
00:47:51 INFO  : Successfully done setting workspace for the tool. 
00:47:51 INFO  : Successfully done query RDI_DATADIR 
00:48:47 INFO  : Result from executing command 'getProjects': audio_1
00:48:47 INFO  : Result from executing command 'getPlatforms': 
00:48:47 INFO  : Platform 'audio_1' is added to custom repositories.
00:48:52 INFO  : Platform 'audio_1' is added to custom repositories.
00:52:45 INFO  : Result from executing command 'getProjects': audio_1
00:52:45 INFO  : Result from executing command 'getPlatforms': audio_1|D:/Xilinx/week9/workspace/audio_1/export/audio_1/audio_1.xpfm
00:52:45 INFO  : Checking for BSP changes to sync application flags for project 'week9'...
00:54:12 INFO  : Connected to target on host '127.0.0.1' and port '3121'.
00:54:12 INFO  : Jtag cable 'Xilinx TUL 1234-tulA' is selected.
00:54:12 INFO  : 'jtag frequency' command is executed.
00:54:12 INFO  : Context for 'APU' is selected.
00:54:12 INFO  : System reset is completed.
00:54:15 INFO  : 'after 3000' command is executed.
00:54:15 INFO  : 'targets -set -filter {jtag_cable_name =~ "Xilinx TUL 1234-tulA" && level==0 && jtag_device_ctx=="jsn-TUL-1234-tulA-23727093-0"}' command is executed.
00:54:17 INFO  : FPGA configured successfully with bitstream "D:/Xilinx/week9/workspace/week9/_ide/bitstream/audio_1.bit"
00:54:17 INFO  : Context for 'APU' is selected.
00:54:18 INFO  : Hardware design and registers information is loaded from 'D:/Xilinx/week9/workspace/audio_1/export/audio_1/hw/audio_1.xsa'.
00:54:18 INFO  : 'configparams force-mem-access 1' command is executed.
00:54:18 INFO  : Context for 'APU' is selected.
00:54:18 INFO  : Sourcing of 'D:/Xilinx/week9/workspace/week9/_ide/psinit/ps7_init.tcl' is done.
00:54:18 INFO  : 'ps7_init' command is executed.
00:54:18 INFO  : 'ps7_post_config' command is executed.
00:54:18 INFO  : Context for processor 'ps7_cortexa9_0' is selected.
00:54:18 INFO  : The application 'D:/Xilinx/week9/workspace/week9/Debug/week9.elf' is downloaded to processor 'ps7_cortexa9_0'.
00:54:18 INFO  : 'configparams force-mem-access 0' command is executed.
00:54:18 INFO  : ----------------XSDB Script----------------
connect -url tcp:127.0.0.1:3121
targets -set -nocase -filter {name =~"APU*"}
rst -system
after 3000
targets -set -filter {jtag_cable_name =~ "Xilinx TUL 1234-tulA" && level==0 && jtag_device_ctx=="jsn-TUL-1234-tulA-23727093-0"}
fpga -file D:/Xilinx/week9/workspace/week9/_ide/bitstream/audio_1.bit
targets -set -nocase -filter {name =~"APU*"}
loadhw -hw D:/Xilinx/week9/workspace/audio_1/export/audio_1/hw/audio_1.xsa -mem-ranges [list {0x40000000 0xbfffffff}] -regs
configparams force-mem-access 1
targets -set -nocase -filter {name =~"APU*"}
source D:/Xilinx/week9/workspace/week9/_ide/psinit/ps7_init.tcl
ps7_init
ps7_post_config
targets -set -nocase -filter {name =~ "*A9*#0"}
dow D:/Xilinx/week9/workspace/week9/Debug/week9.elf
configparams force-mem-access 0
----------------End of Script----------------

00:54:18 INFO  : Context for processor 'ps7_cortexa9_0' is selected.
00:54:18 INFO  : 'con' command is executed.
00:54:18 INFO  : ----------------XSDB Script (After Launch)----------------
targets -set -nocase -filter {name =~ "*A9*#0"}
con
----------------End of Script----------------

00:54:18 INFO  : Disconnected from the channel tcfchan#2.
13:52:28 INFO  : Launching XSCT server: xsct.bat -n  -interactive D:\Xilinx\week9\workspace\temp_xsdb_launch_script.tcl
13:52:30 INFO  : XSCT server has started successfully.
13:52:30 INFO  : plnx-install-location is set to ''
13:52:30 INFO  : Successfully done setting XSCT server connection channel  
13:52:30 INFO  : Successfully done setting workspace for the tool. 
13:52:32 INFO  : Platform repository initialization has completed.
13:52:32 INFO  : Registering command handlers for Vitis TCF services
13:52:33 INFO  : Successfully done query RDI_DATADIR 
13:53:21 INFO  : Connected to target on host '127.0.0.1' and port '3121'.
13:53:22 INFO  : Jtag cable 'Xilinx TUL 1234-tulA' is selected.
13:53:22 INFO  : 'jtag frequency' command is executed.
13:53:22 INFO  : Context for 'APU' is selected.
13:53:22 INFO  : System reset is completed.
13:53:25 INFO  : 'after 3000' command is executed.
13:53:25 INFO  : 'targets -set -filter {jtag_cable_name =~ "Xilinx TUL 1234-tulA" && level==0 && jtag_device_ctx=="jsn-TUL-1234-tulA-23727093-0"}' command is executed.
13:53:27 INFO  : FPGA configured successfully with bitstream "D:/Xilinx/week9/workspace/week9/_ide/bitstream/audio_1.bit"
13:53:27 INFO  : Context for 'APU' is selected.
13:53:27 INFO  : Hardware design and registers information is loaded from 'D:/Xilinx/week9/workspace/audio_1/export/audio_1/hw/audio_1.xsa'.
13:53:27 INFO  : 'configparams force-mem-access 1' command is executed.
13:53:27 INFO  : Context for 'APU' is selected.
13:53:27 INFO  : Sourcing of 'D:/Xilinx/week9/workspace/week9/_ide/psinit/ps7_init.tcl' is done.
13:53:28 INFO  : 'ps7_init' command is executed.
13:53:28 INFO  : 'ps7_post_config' command is executed.
13:53:28 INFO  : Context for processor 'ps7_cortexa9_0' is selected.
13:53:28 INFO  : The application 'D:/Xilinx/week9/workspace/week9/Debug/week9.elf' is downloaded to processor 'ps7_cortexa9_0'.
13:53:28 INFO  : 'configparams force-mem-access 0' command is executed.
13:53:28 INFO  : ----------------XSDB Script----------------
connect -url tcp:127.0.0.1:3121
targets -set -nocase -filter {name =~"APU*"}
rst -system
after 3000
targets -set -filter {jtag_cable_name =~ "Xilinx TUL 1234-tulA" && level==0 && jtag_device_ctx=="jsn-TUL-1234-tulA-23727093-0"}
fpga -file D:/Xilinx/week9/workspace/week9/_ide/bitstream/audio_1.bit
targets -set -nocase -filter {name =~"APU*"}
loadhw -hw D:/Xilinx/week9/workspace/audio_1/export/audio_1/hw/audio_1.xsa -mem-ranges [list {0x40000000 0xbfffffff}] -regs
configparams force-mem-access 1
targets -set -nocase -filter {name =~"APU*"}
source D:/Xilinx/week9/workspace/week9/_ide/psinit/ps7_init.tcl
ps7_init
ps7_post_config
targets -set -nocase -filter {name =~ "*A9*#0"}
dow D:/Xilinx/week9/workspace/week9/Debug/week9.elf
configparams force-mem-access 0
----------------End of Script----------------

13:53:28 INFO  : Context for processor 'ps7_cortexa9_0' is selected.
13:53:28 INFO  : 'con' command is executed.
13:53:28 INFO  : ----------------XSDB Script (After Launch)----------------
targets -set -nocase -filter {name =~ "*A9*#0"}
con
----------------End of Script----------------

13:53:28 INFO  : Disconnected from the channel tcfchan#1.
23:09:12 INFO  : Launching XSCT server: xsct.bat -n  -interactive D:\Xilinx\week9\workspace\temp_xsdb_launch_script.tcl
23:09:15 INFO  : XSCT server has started successfully.
23:09:15 INFO  : plnx-install-location is set to ''
23:09:15 INFO  : Successfully done setting XSCT server connection channel  
23:09:15 INFO  : Successfully done setting workspace for the tool. 
23:09:18 INFO  : Platform repository initialization has completed.
23:09:19 INFO  : Registering command handlers for Vitis TCF services
23:09:19 INFO  : Successfully done query RDI_DATADIR 
23:14:51 INFO  : Result from executing command 'getProjects': audio_1
23:14:51 INFO  : Result from executing command 'getPlatforms': audio_1|D:/Xilinx/week9/workspace/audio_1/export/audio_1/audio_1.xpfm
23:15:22 INFO  : Connected to target on host '127.0.0.1' and port '3121'.
23:15:22 INFO  : Jtag cable 'Xilinx TUL 1234-tulA' is selected.
23:15:22 INFO  : 'jtag frequency' command is executed.
23:15:22 INFO  : Context for 'APU' is selected.
23:15:22 INFO  : System reset is completed.
23:15:25 INFO  : 'after 3000' command is executed.
23:15:25 INFO  : 'targets -set -filter {jtag_cable_name =~ "Xilinx TUL 1234-tulA" && level==0 && jtag_device_ctx=="jsn-TUL-1234-tulA-23727093-0"}' command is executed.
23:15:28 INFO  : FPGA configured successfully with bitstream "D:/Xilinx/week9/workspace/week9/_ide/bitstream/audio_1.bit"
23:15:28 INFO  : Context for 'APU' is selected.
23:15:28 INFO  : Hardware design and registers information is loaded from 'D:/Xilinx/week9/workspace/audio_1/export/audio_1/hw/audio_1.xsa'.
23:15:28 INFO  : 'configparams force-mem-access 1' command is executed.
23:15:28 INFO  : Context for 'APU' is selected.
23:15:28 INFO  : Sourcing of 'D:/Xilinx/week9/workspace/week9/_ide/psinit/ps7_init.tcl' is done.
23:15:28 INFO  : 'ps7_init' command is executed.
23:15:28 INFO  : 'ps7_post_config' command is executed.
23:15:28 INFO  : Context for processor 'ps7_cortexa9_0' is selected.
23:15:28 INFO  : The application 'D:/Xilinx/week9/workspace/week9/Debug/week9.elf' is downloaded to processor 'ps7_cortexa9_0'.
23:15:28 INFO  : 'configparams force-mem-access 0' command is executed.
23:15:28 INFO  : ----------------XSDB Script----------------
connect -url tcp:127.0.0.1:3121
targets -set -nocase -filter {name =~"APU*"}
rst -system
after 3000
targets -set -filter {jtag_cable_name =~ "Xilinx TUL 1234-tulA" && level==0 && jtag_device_ctx=="jsn-TUL-1234-tulA-23727093-0"}
fpga -file D:/Xilinx/week9/workspace/week9/_ide/bitstream/audio_1.bit
targets -set -nocase -filter {name =~"APU*"}
loadhw -hw D:/Xilinx/week9/workspace/audio_1/export/audio_1/hw/audio_1.xsa -mem-ranges [list {0x40000000 0xbfffffff}] -regs
configparams force-mem-access 1
targets -set -nocase -filter {name =~"APU*"}
source D:/Xilinx/week9/workspace/week9/_ide/psinit/ps7_init.tcl
ps7_init
ps7_post_config
targets -set -nocase -filter {name =~ "*A9*#0"}
dow D:/Xilinx/week9/workspace/week9/Debug/week9.elf
configparams force-mem-access 0
----------------End of Script----------------

23:17:20 INFO  : Checking for BSP changes to sync application flags for project 'week9'...
23:17:23 INFO  : Checking for BSP changes to sync application flags for project 'week9'...
23:17:29 INFO  : Checking for BSP changes to sync application flags for project 'week9'...
23:17:32 INFO  : Checking for BSP changes to sync application flags for project 'week9'...
23:18:17 INFO  : Disconnected from the channel tcfchan#2.
23:18:18 INFO  : Connected to target on host '127.0.0.1' and port '3121'.
23:18:18 INFO  : Jtag cable 'Xilinx TUL 1234-tulA' is selected.
23:18:18 INFO  : 'jtag frequency' command is executed.
23:18:18 INFO  : Context for 'APU' is selected.
23:18:18 INFO  : System reset is completed.
23:18:21 INFO  : 'after 3000' command is executed.
23:18:21 INFO  : 'targets -set -filter {jtag_cable_name =~ "Xilinx TUL 1234-tulA" && level==0 && jtag_device_ctx=="jsn-TUL-1234-tulA-23727093-0"}' command is executed.
23:18:23 INFO  : FPGA configured successfully with bitstream "D:/Xilinx/week9/workspace/week9/_ide/bitstream/audio_1.bit"
23:18:23 INFO  : Context for 'APU' is selected.
23:18:23 INFO  : Hardware design and registers information is loaded from 'D:/Xilinx/week9/workspace/audio_1/export/audio_1/hw/audio_1.xsa'.
23:18:23 INFO  : 'configparams force-mem-access 1' command is executed.
23:18:23 INFO  : Context for 'APU' is selected.
23:18:23 INFO  : Sourcing of 'D:/Xilinx/week9/workspace/week9/_ide/psinit/ps7_init.tcl' is done.
23:18:24 INFO  : 'ps7_init' command is executed.
23:18:24 INFO  : 'ps7_post_config' command is executed.
23:18:24 INFO  : Context for processor 'ps7_cortexa9_0' is selected.
23:18:24 INFO  : The application 'D:/Xilinx/week9/workspace/week9/Debug/week9.elf' is downloaded to processor 'ps7_cortexa9_0'.
23:18:24 INFO  : 'configparams force-mem-access 0' command is executed.
23:18:24 INFO  : ----------------XSDB Script----------------
connect -url tcp:127.0.0.1:3121
targets -set -nocase -filter {name =~"APU*"}
rst -system
after 3000
targets -set -filter {jtag_cable_name =~ "Xilinx TUL 1234-tulA" && level==0 && jtag_device_ctx=="jsn-TUL-1234-tulA-23727093-0"}
fpga -file D:/Xilinx/week9/workspace/week9/_ide/bitstream/audio_1.bit
targets -set -nocase -filter {name =~"APU*"}
loadhw -hw D:/Xilinx/week9/workspace/audio_1/export/audio_1/hw/audio_1.xsa -mem-ranges [list {0x40000000 0xbfffffff}] -regs
configparams force-mem-access 1
targets -set -nocase -filter {name =~"APU*"}
source D:/Xilinx/week9/workspace/week9/_ide/psinit/ps7_init.tcl
ps7_init
ps7_post_config
targets -set -nocase -filter {name =~ "*A9*#0"}
dow D:/Xilinx/week9/workspace/week9/Debug/week9.elf
configparams force-mem-access 0
----------------End of Script----------------

23:18:24 INFO  : Context for processor 'ps7_cortexa9_0' is selected.
23:18:24 INFO  : 'con' command is executed.
23:18:24 INFO  : ----------------XSDB Script (After Launch)----------------
targets -set -nocase -filter {name =~ "*A9*#0"}
con
----------------End of Script----------------

23:18:24 INFO  : Disconnected from the channel tcfchan#4.
23:19:26 INFO  : Checking for BSP changes to sync application flags for project 'week9'...
23:19:37 INFO  : Checking for BSP changes to sync application flags for project 'week9'...
23:19:48 INFO  : Connected to target on host '127.0.0.1' and port '3121'.
23:19:48 INFO  : Jtag cable 'Xilinx TUL 1234-tulA' is selected.
23:19:48 INFO  : 'jtag frequency' command is executed.
23:19:48 INFO  : Context for 'APU' is selected.
23:19:48 INFO  : System reset is completed.
23:19:51 INFO  : 'after 3000' command is executed.
23:19:51 INFO  : 'targets -set -filter {jtag_cable_name =~ "Xilinx TUL 1234-tulA" && level==0 && jtag_device_ctx=="jsn-TUL-1234-tulA-23727093-0"}' command is executed.
23:19:54 INFO  : FPGA configured successfully with bitstream "D:/Xilinx/week9/workspace/week9/_ide/bitstream/audio_1.bit"
23:19:54 INFO  : Context for 'APU' is selected.
23:19:54 INFO  : Hardware design and registers information is loaded from 'D:/Xilinx/week9/workspace/audio_1/export/audio_1/hw/audio_1.xsa'.
23:19:54 INFO  : 'configparams force-mem-access 1' command is executed.
23:19:54 INFO  : Context for 'APU' is selected.
23:19:54 INFO  : Sourcing of 'D:/Xilinx/week9/workspace/week9/_ide/psinit/ps7_init.tcl' is done.
23:19:54 INFO  : 'ps7_init' command is executed.
23:19:54 INFO  : 'ps7_post_config' command is executed.
23:19:54 INFO  : Context for processor 'ps7_cortexa9_0' is selected.
23:19:54 INFO  : The application 'D:/Xilinx/week9/workspace/week9/Debug/week9.elf' is downloaded to processor 'ps7_cortexa9_0'.
23:19:54 INFO  : 'configparams force-mem-access 0' command is executed.
23:19:54 INFO  : ----------------XSDB Script----------------
connect -url tcp:127.0.0.1:3121
targets -set -nocase -filter {name =~"APU*"}
rst -system
after 3000
targets -set -filter {jtag_cable_name =~ "Xilinx TUL 1234-tulA" && level==0 && jtag_device_ctx=="jsn-TUL-1234-tulA-23727093-0"}
fpga -file D:/Xilinx/week9/workspace/week9/_ide/bitstream/audio_1.bit
targets -set -nocase -filter {name =~"APU*"}
loadhw -hw D:/Xilinx/week9/workspace/audio_1/export/audio_1/hw/audio_1.xsa -mem-ranges [list {0x40000000 0xbfffffff}] -regs
configparams force-mem-access 1
targets -set -nocase -filter {name =~"APU*"}
source D:/Xilinx/week9/workspace/week9/_ide/psinit/ps7_init.tcl
ps7_init
ps7_post_config
targets -set -nocase -filter {name =~ "*A9*#0"}
dow D:/Xilinx/week9/workspace/week9/Debug/week9.elf
configparams force-mem-access 0
----------------End of Script----------------

23:19:54 INFO  : Context for processor 'ps7_cortexa9_0' is selected.
23:19:54 INFO  : 'con' command is executed.
23:19:54 INFO  : ----------------XSDB Script (After Launch)----------------
targets -set -nocase -filter {name =~ "*A9*#0"}
con
----------------End of Script----------------

23:19:54 INFO  : Disconnected from the channel tcfchan#7.
23:23:31 INFO  : Checking for BSP changes to sync application flags for project 'week9'...
23:24:24 INFO  : Connected to target on host '127.0.0.1' and port '3121'.
23:24:24 INFO  : Jtag cable 'Xilinx TUL 1234-tulA' is selected.
23:24:24 INFO  : 'jtag frequency' command is executed.
23:24:24 INFO  : Context for 'APU' is selected.
23:24:24 INFO  : System reset is completed.
23:24:28 INFO  : 'after 3000' command is executed.
23:24:28 INFO  : 'targets -set -filter {jtag_cable_name =~ "Xilinx TUL 1234-tulA" && level==0 && jtag_device_ctx=="jsn-TUL-1234-tulA-23727093-0"}' command is executed.
23:24:30 INFO  : FPGA configured successfully with bitstream "D:/Xilinx/week9/workspace/week9/_ide/bitstream/audio_1.bit"
23:24:30 INFO  : Context for 'APU' is selected.
23:24:30 INFO  : Hardware design and registers information is loaded from 'D:/Xilinx/week9/workspace/audio_1/export/audio_1/hw/audio_1.xsa'.
23:24:30 INFO  : 'configparams force-mem-access 1' command is executed.
23:24:30 INFO  : Context for 'APU' is selected.
23:24:30 INFO  : Sourcing of 'D:/Xilinx/week9/workspace/week9/_ide/psinit/ps7_init.tcl' is done.
23:24:30 INFO  : 'ps7_init' command is executed.
23:24:30 INFO  : 'ps7_post_config' command is executed.
23:24:30 INFO  : Context for processor 'ps7_cortexa9_0' is selected.
23:24:30 INFO  : The application 'D:/Xilinx/week9/workspace/week9/Debug/week9.elf' is downloaded to processor 'ps7_cortexa9_0'.
23:24:30 INFO  : 'configparams force-mem-access 0' command is executed.
23:24:30 INFO  : ----------------XSDB Script----------------
connect -url tcp:127.0.0.1:3121
targets -set -nocase -filter {name =~"APU*"}
rst -system
after 3000
targets -set -filter {jtag_cable_name =~ "Xilinx TUL 1234-tulA" && level==0 && jtag_device_ctx=="jsn-TUL-1234-tulA-23727093-0"}
fpga -file D:/Xilinx/week9/workspace/week9/_ide/bitstream/audio_1.bit
targets -set -nocase -filter {name =~"APU*"}
loadhw -hw D:/Xilinx/week9/workspace/audio_1/export/audio_1/hw/audio_1.xsa -mem-ranges [list {0x40000000 0xbfffffff}] -regs
configparams force-mem-access 1
targets -set -nocase -filter {name =~"APU*"}
source D:/Xilinx/week9/workspace/week9/_ide/psinit/ps7_init.tcl
ps7_init
ps7_post_config
targets -set -nocase -filter {name =~ "*A9*#0"}
dow D:/Xilinx/week9/workspace/week9/Debug/week9.elf
configparams force-mem-access 0
----------------End of Script----------------

23:24:30 INFO  : Context for processor 'ps7_cortexa9_0' is selected.
23:24:31 INFO  : 'con' command is executed.
23:24:31 INFO  : ----------------XSDB Script (After Launch)----------------
targets -set -nocase -filter {name =~ "*A9*#0"}
con
----------------End of Script----------------

23:24:31 INFO  : Disconnected from the channel tcfchan#9.
18:48:35 INFO  : Launching XSCT server: xsct.bat -n  -interactive D:\Xilinx\week9\workspace\temp_xsdb_launch_script.tcl
18:48:36 INFO  : XSCT server has started successfully.
18:48:36 INFO  : plnx-install-location is set to ''
18:48:36 INFO  : Successfully done setting XSCT server connection channel  
18:48:36 INFO  : Successfully done setting workspace for the tool. 
18:48:38 INFO  : Platform repository initialization has completed.
18:48:38 INFO  : Successfully done query RDI_DATADIR 
18:48:38 INFO  : Registering command handlers for Vitis TCF services
18:50:00 INFO  : Checking for BSP changes to sync application flags for project 'week9'...
18:50:17 INFO  : Checking for BSP changes to sync application flags for project 'week9'...
18:50:40 INFO  : Connected to target on host '127.0.0.1' and port '3121'.
18:50:41 INFO  : Jtag cable 'Xilinx TUL 1234-tulA' is selected.
18:50:41 INFO  : 'jtag frequency' command is executed.
18:50:41 INFO  : Context for 'APU' is selected.
18:50:41 INFO  : System reset is completed.
18:50:44 INFO  : 'after 3000' command is executed.
18:50:44 INFO  : 'targets -set -filter {jtag_cable_name =~ "Xilinx TUL 1234-tulA" && level==0 && jtag_device_ctx=="jsn-TUL-1234-tulA-23727093-0"}' command is executed.
18:50:46 INFO  : FPGA configured successfully with bitstream "D:/Xilinx/week9/workspace/week9/_ide/bitstream/audio_1.bit"
18:50:46 INFO  : Context for 'APU' is selected.
18:50:46 INFO  : Hardware design and registers information is loaded from 'D:/Xilinx/week9/workspace/audio_1/export/audio_1/hw/audio_1.xsa'.
18:50:46 INFO  : 'configparams force-mem-access 1' command is executed.
18:50:46 INFO  : Context for 'APU' is selected.
18:50:46 INFO  : Sourcing of 'D:/Xilinx/week9/workspace/week9/_ide/psinit/ps7_init.tcl' is done.
18:50:46 INFO  : 'ps7_init' command is executed.
18:50:46 INFO  : 'ps7_post_config' command is executed.
18:50:46 INFO  : Context for processor 'ps7_cortexa9_0' is selected.
18:50:47 INFO  : The application 'D:/Xilinx/week9/workspace/week9/Debug/week9.elf' is downloaded to processor 'ps7_cortexa9_0'.
18:50:47 INFO  : 'configparams force-mem-access 0' command is executed.
18:50:47 INFO  : ----------------XSDB Script----------------
connect -url tcp:127.0.0.1:3121
targets -set -nocase -filter {name =~"APU*"}
rst -system
after 3000
targets -set -filter {jtag_cable_name =~ "Xilinx TUL 1234-tulA" && level==0 && jtag_device_ctx=="jsn-TUL-1234-tulA-23727093-0"}
fpga -file D:/Xilinx/week9/workspace/week9/_ide/bitstream/audio_1.bit
targets -set -nocase -filter {name =~"APU*"}
loadhw -hw D:/Xilinx/week9/workspace/audio_1/export/audio_1/hw/audio_1.xsa -mem-ranges [list {0x40000000 0xbfffffff}] -regs
configparams force-mem-access 1
targets -set -nocase -filter {name =~"APU*"}
source D:/Xilinx/week9/workspace/week9/_ide/psinit/ps7_init.tcl
ps7_init
ps7_post_config
targets -set -nocase -filter {name =~ "*A9*#0"}
dow D:/Xilinx/week9/workspace/week9/Debug/week9.elf
configparams force-mem-access 0
----------------End of Script----------------

18:50:47 INFO  : Context for processor 'ps7_cortexa9_0' is selected.
18:50:47 INFO  : 'con' command is executed.
18:50:47 INFO  : ----------------XSDB Script (After Launch)----------------
targets -set -nocase -filter {name =~ "*A9*#0"}
con
----------------End of Script----------------

18:50:47 INFO  : Disconnected from the channel tcfchan#1.
22:55:18 INFO  : Launching XSCT server: xsct.bat -n  -interactive D:\Xilinx\week9\workspace\temp_xsdb_launch_script.tcl
22:55:20 INFO  : XSCT server has started successfully.
22:55:20 INFO  : plnx-install-location is set to ''
22:55:20 INFO  : Successfully done setting XSCT server connection channel  
22:55:20 INFO  : Successfully done setting workspace for the tool. 
22:55:22 INFO  : Platform repository initialization has completed.
22:55:22 INFO  : Registering command handlers for Vitis TCF services
22:55:23 INFO  : Successfully done query RDI_DATADIR 
22:57:16 INFO  : Launching XSCT server: xsct.bat -n  -interactive D:\Xilinx\week9\workspace\temp_xsdb_launch_script.tcl
22:57:17 INFO  : XSCT server has started successfully.
22:57:17 INFO  : Successfully done setting XSCT server connection channel  
22:57:17 INFO  : plnx-install-location is set to ''
22:57:17 INFO  : Successfully done setting workspace for the tool. 
22:57:19 INFO  : Platform repository initialization has completed.
22:57:19 INFO  : Successfully done query RDI_DATADIR 
22:57:20 INFO  : Registering command handlers for Vitis TCF services
10:07:57 INFO  : Launching XSCT server: xsct.bat -n  -interactive D:\Xilinx\week9\workspace\temp_xsdb_launch_script.tcl
10:07:59 INFO  : XSCT server has started successfully.
10:07:59 INFO  : plnx-install-location is set to ''
10:07:59 INFO  : Successfully done setting XSCT server connection channel  
10:07:59 INFO  : Successfully done setting workspace for the tool. 
10:08:01 INFO  : Platform repository initialization has completed.
10:08:01 INFO  : Registering command handlers for Vitis TCF services
10:08:02 INFO  : Successfully done query RDI_DATADIR 
10:09:18 INFO  : Result from executing command 'getProjects': audio_1
10:09:18 INFO  : Result from executing command 'getPlatforms': audio_1|D:/Xilinx/week9/workspace/audio_1/export/audio_1/audio_1.xpfm
10:09:18 INFO  : Checking for BSP changes to sync application flags for project 'week9'...
10:09:49 INFO  : Checking for BSP changes to sync application flags for project 'week9'...
10:09:52 INFO  : Checking for BSP changes to sync application flags for project 'week9'...
10:10:07 INFO  : Connected to target on host '127.0.0.1' and port '3121'.
10:10:07 INFO  : Jtag cable 'Xilinx TUL 1234-tulA' is selected.
10:10:07 INFO  : 'jtag frequency' command is executed.
10:10:07 INFO  : Context for 'APU' is selected.
10:10:07 INFO  : System reset is completed.
10:10:10 INFO  : 'after 3000' command is executed.
10:10:10 INFO  : 'targets -set -filter {jtag_cable_name =~ "Xilinx TUL 1234-tulA" && level==0 && jtag_device_ctx=="jsn-TUL-1234-tulA-23727093-0"}' command is executed.
10:10:12 INFO  : FPGA configured successfully with bitstream "D:/Xilinx/week9/workspace/week9/_ide/bitstream/audio_1.bit"
10:10:12 INFO  : Context for 'APU' is selected.
10:10:13 INFO  : Hardware design and registers information is loaded from 'D:/Xilinx/week9/workspace/audio_1/export/audio_1/hw/audio_1.xsa'.
10:10:13 INFO  : 'configparams force-mem-access 1' command is executed.
10:10:13 INFO  : Context for 'APU' is selected.
10:10:13 INFO  : Sourcing of 'D:/Xilinx/week9/workspace/week9/_ide/psinit/ps7_init.tcl' is done.
10:10:13 INFO  : 'ps7_init' command is executed.
10:10:13 INFO  : 'ps7_post_config' command is executed.
10:10:13 INFO  : Context for processor 'ps7_cortexa9_0' is selected.
10:10:13 INFO  : The application 'D:/Xilinx/week9/workspace/week9/Debug/week9.elf' is downloaded to processor 'ps7_cortexa9_0'.
10:10:13 INFO  : 'configparams force-mem-access 0' command is executed.
10:10:13 INFO  : ----------------XSDB Script----------------
connect -url tcp:127.0.0.1:3121
targets -set -nocase -filter {name =~"APU*"}
rst -system
after 3000
targets -set -filter {jtag_cable_name =~ "Xilinx TUL 1234-tulA" && level==0 && jtag_device_ctx=="jsn-TUL-1234-tulA-23727093-0"}
fpga -file D:/Xilinx/week9/workspace/week9/_ide/bitstream/audio_1.bit
targets -set -nocase -filter {name =~"APU*"}
loadhw -hw D:/Xilinx/week9/workspace/audio_1/export/audio_1/hw/audio_1.xsa -mem-ranges [list {0x40000000 0xbfffffff}] -regs
configparams force-mem-access 1
targets -set -nocase -filter {name =~"APU*"}
source D:/Xilinx/week9/workspace/week9/_ide/psinit/ps7_init.tcl
ps7_init
ps7_post_config
targets -set -nocase -filter {name =~ "*A9*#0"}
dow D:/Xilinx/week9/workspace/week9/Debug/week9.elf
configparams force-mem-access 0
----------------End of Script----------------

10:10:13 INFO  : Context for processor 'ps7_cortexa9_0' is selected.
10:10:13 INFO  : 'con' command is executed.
10:10:13 INFO  : ----------------XSDB Script (After Launch)----------------
targets -set -nocase -filter {name =~ "*A9*#0"}
con
----------------End of Script----------------

10:10:13 INFO  : Disconnected from the channel tcfchan#2.
10:12:49 INFO  : Checking for BSP changes to sync application flags for project 'week9'...
10:13:07 INFO  : Connected to target on host '127.0.0.1' and port '3121'.
10:13:07 INFO  : Jtag cable 'Xilinx TUL 1234-tulA' is selected.
10:13:07 INFO  : 'jtag frequency' command is executed.
10:13:07 INFO  : Context for 'APU' is selected.
10:13:07 INFO  : System reset is completed.
10:13:10 INFO  : 'after 3000' command is executed.
10:13:10 INFO  : 'targets -set -filter {jtag_cable_name =~ "Xilinx TUL 1234-tulA" && level==0 && jtag_device_ctx=="jsn-TUL-1234-tulA-23727093-0"}' command is executed.
10:13:13 INFO  : FPGA configured successfully with bitstream "D:/Xilinx/week9/workspace/week9/_ide/bitstream/audio_1.bit"
10:13:13 INFO  : Context for 'APU' is selected.
10:13:13 INFO  : Hardware design and registers information is loaded from 'D:/Xilinx/week9/workspace/audio_1/export/audio_1/hw/audio_1.xsa'.
10:13:13 INFO  : 'configparams force-mem-access 1' command is executed.
10:13:13 INFO  : Context for 'APU' is selected.
10:13:13 INFO  : Sourcing of 'D:/Xilinx/week9/workspace/week9/_ide/psinit/ps7_init.tcl' is done.
10:13:13 INFO  : 'ps7_init' command is executed.
10:13:13 INFO  : 'ps7_post_config' command is executed.
10:13:13 INFO  : Context for processor 'ps7_cortexa9_0' is selected.
10:13:13 INFO  : The application 'D:/Xilinx/week9/workspace/week9/Debug/week9.elf' is downloaded to processor 'ps7_cortexa9_0'.
10:13:13 INFO  : 'configparams force-mem-access 0' command is executed.
10:13:13 INFO  : ----------------XSDB Script----------------
connect -url tcp:127.0.0.1:3121
targets -set -nocase -filter {name =~"APU*"}
rst -system
after 3000
targets -set -filter {jtag_cable_name =~ "Xilinx TUL 1234-tulA" && level==0 && jtag_device_ctx=="jsn-TUL-1234-tulA-23727093-0"}
fpga -file D:/Xilinx/week9/workspace/week9/_ide/bitstream/audio_1.bit
targets -set -nocase -filter {name =~"APU*"}
loadhw -hw D:/Xilinx/week9/workspace/audio_1/export/audio_1/hw/audio_1.xsa -mem-ranges [list {0x40000000 0xbfffffff}] -regs
configparams force-mem-access 1
targets -set -nocase -filter {name =~"APU*"}
source D:/Xilinx/week9/workspace/week9/_ide/psinit/ps7_init.tcl
ps7_init
ps7_post_config
targets -set -nocase -filter {name =~ "*A9*#0"}
dow D:/Xilinx/week9/workspace/week9/Debug/week9.elf
configparams force-mem-access 0
----------------End of Script----------------

10:13:13 INFO  : Context for processor 'ps7_cortexa9_0' is selected.
10:13:13 INFO  : 'con' command is executed.
10:13:13 INFO  : ----------------XSDB Script (After Launch)----------------
targets -set -nocase -filter {name =~ "*A9*#0"}
con
----------------End of Script----------------

10:13:13 INFO  : Disconnected from the channel tcfchan#3.
10:14:30 INFO  : Connected to target on host '127.0.0.1' and port '3121'.
10:14:31 INFO  : Jtag cable 'Xilinx TUL 1234-tulA' is selected.
10:14:31 INFO  : 'jtag frequency' command is executed.
10:14:31 INFO  : Context for 'APU' is selected.
10:14:31 INFO  : System reset is completed.
10:14:34 INFO  : 'after 3000' command is executed.
10:14:34 INFO  : 'targets -set -filter {jtag_cable_name =~ "Xilinx TUL 1234-tulA" && level==0 && jtag_device_ctx=="jsn-TUL-1234-tulA-23727093-0"}' command is executed.
10:14:36 INFO  : FPGA configured successfully with bitstream "D:/Xilinx/week9/workspace/week9/_ide/bitstream/audio_1.bit"
10:14:36 INFO  : Context for 'APU' is selected.
10:14:36 INFO  : Hardware design and registers information is loaded from 'D:/Xilinx/week9/workspace/audio_1/export/audio_1/hw/audio_1.xsa'.
10:14:36 INFO  : 'configparams force-mem-access 1' command is executed.
10:14:36 INFO  : Context for 'APU' is selected.
10:14:36 INFO  : Sourcing of 'D:/Xilinx/week9/workspace/week9/_ide/psinit/ps7_init.tcl' is done.
10:14:36 INFO  : 'ps7_init' command is executed.
10:14:36 INFO  : 'ps7_post_config' command is executed.
10:14:36 INFO  : Context for processor 'ps7_cortexa9_0' is selected.
10:14:37 INFO  : The application 'D:/Xilinx/week9/workspace/week9/Debug/week9.elf' is downloaded to processor 'ps7_cortexa9_0'.
10:14:37 INFO  : 'configparams force-mem-access 0' command is executed.
10:14:37 INFO  : ----------------XSDB Script----------------
connect -url tcp:127.0.0.1:3121
targets -set -nocase -filter {name =~"APU*"}
rst -system
after 3000
targets -set -filter {jtag_cable_name =~ "Xilinx TUL 1234-tulA" && level==0 && jtag_device_ctx=="jsn-TUL-1234-tulA-23727093-0"}
fpga -file D:/Xilinx/week9/workspace/week9/_ide/bitstream/audio_1.bit
targets -set -nocase -filter {name =~"APU*"}
loadhw -hw D:/Xilinx/week9/workspace/audio_1/export/audio_1/hw/audio_1.xsa -mem-ranges [list {0x40000000 0xbfffffff}] -regs
configparams force-mem-access 1
targets -set -nocase -filter {name =~"APU*"}
source D:/Xilinx/week9/workspace/week9/_ide/psinit/ps7_init.tcl
ps7_init
ps7_post_config
targets -set -nocase -filter {name =~ "*A9*#0"}
dow D:/Xilinx/week9/workspace/week9/Debug/week9.elf
configparams force-mem-access 0
----------------End of Script----------------

10:14:37 INFO  : Context for processor 'ps7_cortexa9_0' is selected.
10:14:37 INFO  : 'con' command is executed.
10:14:37 INFO  : ----------------XSDB Script (After Launch)----------------
targets -set -nocase -filter {name =~ "*A9*#0"}
con
----------------End of Script----------------

10:14:37 INFO  : Disconnected from the channel tcfchan#4.
21:15:29 INFO  : Launching XSCT server: xsct.bat -n  -interactive D:\Xilinx\week9\workspace\temp_xsdb_launch_script.tcl
21:15:31 INFO  : XSCT server has started successfully.
21:15:31 INFO  : Successfully done setting XSCT server connection channel  
21:15:31 INFO  : plnx-install-location is set to ''
21:15:31 INFO  : Successfully done setting workspace for the tool. 
21:15:33 INFO  : Platform repository initialization has completed.
21:15:33 INFO  : Registering command handlers for Vitis TCF services
21:15:34 INFO  : Successfully done query RDI_DATADIR 
12:55:46 INFO  : Launching XSCT server: xsct.bat -n  -interactive D:\Xilinx\week9\workspace\temp_xsdb_launch_script.tcl
12:55:47 INFO  : XSCT server has started successfully.
12:55:47 INFO  : plnx-install-location is set to ''
12:55:47 INFO  : Successfully done setting XSCT server connection channel  
12:55:47 INFO  : Successfully done setting workspace for the tool. 
12:55:49 INFO  : Platform repository initialization has completed.
12:55:49 INFO  : Successfully done query RDI_DATADIR 
12:55:49 INFO  : Registering command handlers for Vitis TCF services
11:28:51 INFO  : Launching XSCT server: xsct.bat -n  -interactive D:\Xilinx\week9\workspace\temp_xsdb_launch_script.tcl
11:28:53 INFO  : XSCT server has started successfully.
11:28:53 INFO  : Successfully done setting XSCT server connection channel  
11:28:53 INFO  : plnx-install-location is set to ''
11:28:53 INFO  : Successfully done setting workspace for the tool. 
11:28:55 INFO  : Platform repository initialization has completed.
11:28:56 INFO  : Registering command handlers for Vitis TCF services
11:28:56 INFO  : Successfully done query RDI_DATADIR 
11:29:36 INFO  : Connected to target on host '127.0.0.1' and port '3121'.
11:29:37 INFO  : Jtag cable 'Xilinx TUL 1234-tulA' is selected.
11:29:37 INFO  : 'jtag frequency' command is executed.
11:29:37 INFO  : Context for 'APU' is selected.
11:29:37 INFO  : System reset is completed.
11:29:40 INFO  : 'after 3000' command is executed.
11:29:40 INFO  : 'targets -set -filter {jtag_cable_name =~ "Xilinx TUL 1234-tulA" && level==0 && jtag_device_ctx=="jsn-TUL-1234-tulA-23727093-0"}' command is executed.
11:29:42 INFO  : FPGA configured successfully with bitstream "D:/Xilinx/week9/workspace/week9/_ide/bitstream/audio_1.bit"
11:29:42 INFO  : Context for 'APU' is selected.
11:29:42 INFO  : Hardware design and registers information is loaded from 'D:/Xilinx/week9/workspace/audio_1/export/audio_1/hw/audio_1.xsa'.
11:29:42 INFO  : 'configparams force-mem-access 1' command is executed.
11:29:42 INFO  : Context for 'APU' is selected.
11:29:42 INFO  : Sourcing of 'D:/Xilinx/week9/workspace/week9/_ide/psinit/ps7_init.tcl' is done.
11:29:43 INFO  : 'ps7_init' command is executed.
11:29:43 INFO  : 'ps7_post_config' command is executed.
11:29:43 INFO  : Context for processor 'ps7_cortexa9_0' is selected.
11:29:43 INFO  : The application 'D:/Xilinx/week9/workspace/week9/Debug/week9.elf' is downloaded to processor 'ps7_cortexa9_0'.
11:29:43 INFO  : 'configparams force-mem-access 0' command is executed.
11:29:43 INFO  : ----------------XSDB Script----------------
connect -url tcp:127.0.0.1:3121
targets -set -nocase -filter {name =~"APU*"}
rst -system
after 3000
targets -set -filter {jtag_cable_name =~ "Xilinx TUL 1234-tulA" && level==0 && jtag_device_ctx=="jsn-TUL-1234-tulA-23727093-0"}
fpga -file D:/Xilinx/week9/workspace/week9/_ide/bitstream/audio_1.bit
targets -set -nocase -filter {name =~"APU*"}
loadhw -hw D:/Xilinx/week9/workspace/audio_1/export/audio_1/hw/audio_1.xsa -mem-ranges [list {0x40000000 0xbfffffff}] -regs
configparams force-mem-access 1
targets -set -nocase -filter {name =~"APU*"}
source D:/Xilinx/week9/workspace/week9/_ide/psinit/ps7_init.tcl
ps7_init
ps7_post_config
targets -set -nocase -filter {name =~ "*A9*#0"}
dow D:/Xilinx/week9/workspace/week9/Debug/week9.elf
configparams force-mem-access 0
----------------End of Script----------------

11:29:43 INFO  : Context for processor 'ps7_cortexa9_0' is selected.
11:29:43 INFO  : 'con' command is executed.
11:29:43 INFO  : ----------------XSDB Script (After Launch)----------------
targets -set -nocase -filter {name =~ "*A9*#0"}
con
----------------End of Script----------------

11:29:43 INFO  : Disconnected from the channel tcfchan#1.
11:30:30 INFO  : Connected to target on host '127.0.0.1' and port '3121'.
11:30:30 INFO  : Jtag cable 'Xilinx TUL 1234-tulA' is selected.
11:30:30 INFO  : 'jtag frequency' command is executed.
11:30:30 INFO  : Context for 'APU' is selected.
11:30:30 INFO  : System reset is completed.
11:30:33 INFO  : 'after 3000' command is executed.
11:30:33 INFO  : 'targets -set -filter {jtag_cable_name =~ "Xilinx TUL 1234-tulA" && level==0 && jtag_device_ctx=="jsn-TUL-1234-tulA-23727093-0"}' command is executed.
11:30:36 INFO  : FPGA configured successfully with bitstream "D:/Xilinx/week9/workspace/week9/_ide/bitstream/audio_1.bit"
11:30:36 INFO  : Context for 'APU' is selected.
11:30:37 INFO  : Hardware design and registers information is loaded from 'D:/Xilinx/week9/workspace/audio_1/export/audio_1/hw/audio_1.xsa'.
11:30:37 INFO  : 'configparams force-mem-access 1' command is executed.
11:30:37 INFO  : Context for 'APU' is selected.
11:30:37 INFO  : Sourcing of 'D:/Xilinx/week9/workspace/week9/_ide/psinit/ps7_init.tcl' is done.
11:30:37 INFO  : 'ps7_init' command is executed.
11:30:37 INFO  : 'ps7_post_config' command is executed.
11:30:37 INFO  : Context for processor 'ps7_cortexa9_0' is selected.
11:30:37 INFO  : The application 'D:/Xilinx/week9/workspace/week9/Debug/week9.elf' is downloaded to processor 'ps7_cortexa9_0'.
11:30:37 INFO  : 'configparams force-mem-access 0' command is executed.
11:30:37 INFO  : ----------------XSDB Script----------------
connect -url tcp:127.0.0.1:3121
targets -set -nocase -filter {name =~"APU*"}
rst -system
after 3000
targets -set -filter {jtag_cable_name =~ "Xilinx TUL 1234-tulA" && level==0 && jtag_device_ctx=="jsn-TUL-1234-tulA-23727093-0"}
fpga -file D:/Xilinx/week9/workspace/week9/_ide/bitstream/audio_1.bit
targets -set -nocase -filter {name =~"APU*"}
loadhw -hw D:/Xilinx/week9/workspace/audio_1/export/audio_1/hw/audio_1.xsa -mem-ranges [list {0x40000000 0xbfffffff}] -regs
configparams force-mem-access 1
targets -set -nocase -filter {name =~"APU*"}
source D:/Xilinx/week9/workspace/week9/_ide/psinit/ps7_init.tcl
ps7_init
ps7_post_config
targets -set -nocase -filter {name =~ "*A9*#0"}
dow D:/Xilinx/week9/workspace/week9/Debug/week9.elf
configparams force-mem-access 0
----------------End of Script----------------

11:30:37 INFO  : Context for processor 'ps7_cortexa9_0' is selected.
11:30:37 INFO  : 'con' command is executed.
11:30:37 INFO  : ----------------XSDB Script (After Launch)----------------
targets -set -nocase -filter {name =~ "*A9*#0"}
con
----------------End of Script----------------

11:30:37 INFO  : Disconnected from the channel tcfchan#2.
