23:19:27 INFO  : Registering command handlers for Vitis TCF services
23:19:27 INFO  : Launching XSCT server: xsct.bat -n  -interactive D:\Xilinx\week11\workspace1243\temp_xsdb_launch_script.tcl
23:19:29 INFO  : Platform repository initialization has completed.
23:19:29 INFO  : XSCT server has started successfully.
23:19:29 INFO  : plnx-install-location is set to ''
23:19:29 INFO  : Successfully done setting XSCT server connection channel  
23:19:29 INFO  : Successfully done query RDI_DATADIR 
23:19:29 INFO  : Successfully done setting workspace for the tool. 
23:20:01 INFO  : Result from executing command 'getProjects': design_1_wrapper4
23:20:01 INFO  : Result from executing command 'getPlatforms': 
23:20:01 INFO  : Platform 'design_1_wrapper4' is added to custom repositories.
23:20:06 INFO  : Platform 'design_1_wrapper4' is added to custom repositories.
23:21:02 INFO  : Result from executing command 'getProjects': design_1_wrapper4
23:21:02 INFO  : Result from executing command 'getPlatforms': design_1_wrapper4|D:/Xilinx/week11/workspace1243/design_1_wrapper4/export/design_1_wrapper4/design_1_wrapper4.xpfm
23:21:02 INFO  : Checking for BSP changes to sync application flags for project 'testweek'...
23:21:23 INFO  : Connected to target on host '127.0.0.1' and port '3121'.
23:21:23 INFO  : Jtag cable 'Xilinx TUL 1234-tulA' is selected.
23:21:23 INFO  : 'jtag frequency' command is executed.
23:21:23 INFO  : Context for 'APU' is selected.
23:21:23 INFO  : System reset is completed.
23:21:26 INFO  : 'after 3000' command is executed.
23:21:26 INFO  : 'targets -set -filter {jtag_cable_name =~ "Xilinx TUL 1234-tulA" && level==0 && jtag_device_ctx=="jsn-TUL-1234-tulA-23727093-0"}' command is executed.
23:21:29 INFO  : FPGA configured successfully with bitstream "D:/Xilinx/week11/workspace1243/testweek/_ide/bitstream/design_1_wrapper4.bit"
23:21:29 INFO  : Context for 'APU' is selected.
23:21:29 INFO  : Hardware design and registers information is loaded from 'D:/Xilinx/week11/workspace1243/design_1_wrapper4/export/design_1_wrapper4/hw/design_1_wrapper4.xsa'.
23:21:29 INFO  : 'configparams force-mem-access 1' command is executed.
23:21:29 INFO  : Context for 'APU' is selected.
23:21:29 INFO  : Sourcing of 'D:/Xilinx/week11/workspace1243/testweek/_ide/psinit/ps7_init.tcl' is done.
23:21:29 INFO  : 'ps7_init' command is executed.
23:21:29 INFO  : 'ps7_post_config' command is executed.
23:21:29 INFO  : Context for processor 'ps7_cortexa9_0' is selected.
23:21:29 INFO  : The application 'D:/Xilinx/week11/workspace1243/testweek/Debug/testweek.elf' is downloaded to processor 'ps7_cortexa9_0'.
23:21:29 INFO  : 'configparams force-mem-access 0' command is executed.
23:21:29 INFO  : ----------------XSDB Script----------------
connect -url tcp:127.0.0.1:3121
targets -set -nocase -filter {name =~"APU*"}
rst -system
after 3000
targets -set -filter {jtag_cable_name =~ "Xilinx TUL 1234-tulA" && level==0 && jtag_device_ctx=="jsn-TUL-1234-tulA-23727093-0"}
fpga -file D:/Xilinx/week11/workspace1243/testweek/_ide/bitstream/design_1_wrapper4.bit
targets -set -nocase -filter {name =~"APU*"}
loadhw -hw D:/Xilinx/week11/workspace1243/design_1_wrapper4/export/design_1_wrapper4/hw/design_1_wrapper4.xsa -mem-ranges [list {0x40000000 0xbfffffff}] -regs
configparams force-mem-access 1
targets -set -nocase -filter {name =~"APU*"}
source D:/Xilinx/week11/workspace1243/testweek/_ide/psinit/ps7_init.tcl
ps7_init
ps7_post_config
targets -set -nocase -filter {name =~ "*A9*#0"}
dow D:/Xilinx/week11/workspace1243/testweek/Debug/testweek.elf
configparams force-mem-access 0
----------------End of Script----------------

23:21:29 INFO  : Context for processor 'ps7_cortexa9_0' is selected.
23:21:29 INFO  : 'con' command is executed.
23:21:29 INFO  : ----------------XSDB Script (After Launch)----------------
targets -set -nocase -filter {name =~ "*A9*#0"}
con
----------------End of Script----------------

23:21:29 INFO  : Disconnected from the channel tcfchan#2.
